CRITICAL - 2022-09-14 07:42:04 --> Call to a member function listErrors() on null
in APPPATH\Views\adminlogin.php on line 26.
 1 SYSTEMPATH\View\View.php(213): include()
 2 SYSTEMPATH\View\View.php(216): CodeIgniter\View\View->CodeIgniter\View\{closure}()
 3 SYSTEMPATH\Common.php(1142): CodeIgniter\View\View->render('adminlogin', [], true)
 4 APPPATH\Controllers\Home.php(30): view('adminlogin', [...])
 5 SYSTEMPATH\CodeIgniter.php(907): App\Controllers\Home->adminLogin()
 6 SYSTEMPATH\CodeIgniter.php(457): CodeIgniter\CodeIgniter->runController(Object(App\Controllers\Home))
 7 SYSTEMPATH\CodeIgniter.php(340): CodeIgniter\CodeIgniter->handleRequest(null, Object(Config\Cache), false)
 8 FCPATH\index.php(67): CodeIgniter\CodeIgniter->run()
CRITICAL - 2022-09-14 07:52:21 --> You must set the database table to be used with your query.
in SYSTEMPATH\Database\BaseConnection.php on line 872.
 1 SYSTEMPATH\Model.php(587): CodeIgniter\Database\BaseConnection->table(null)
 2 SYSTEMPATH\Model.php(170): CodeIgniter\Model->builder()
 3 SYSTEMPATH\BaseModel.php(523): CodeIgniter\Model->doFind(true, 'ar@g.com')
 4 APPPATH\Controllers\Home.php(63): CodeIgniter\BaseModel->find('ar@g.com')
 5 SYSTEMPATH\CodeIgniter.php(907): App\Controllers\Home->adminLogin()
 6 SYSTEMPATH\CodeIgniter.php(457): CodeIgniter\CodeIgniter->runController(Object(App\Controllers\Home))
 7 SYSTEMPATH\CodeIgniter.php(340): CodeIgniter\CodeIgniter->handleRequest(null, Object(Config\Cache), false)
 8 FCPATH\index.php(67): CodeIgniter\CodeIgniter->run()
CRITICAL - 2022-09-14 07:56:08 --> You must set the database table to be used with your query.
in SYSTEMPATH\Database\BaseConnection.php on line 872.
 1 SYSTEMPATH\Model.php(587): CodeIgniter\Database\BaseConnection->table(null)
 2 SYSTEMPATH\Model.php(170): CodeIgniter\Model->builder()
 3 SYSTEMPATH\BaseModel.php(523): CodeIgniter\Model->doFind(true, 'ar@g.com')
 4 APPPATH\Controllers\Home.php(63): CodeIgniter\BaseModel->find('ar@g.com')
 5 SYSTEMPATH\CodeIgniter.php(907): App\Controllers\Home->adminLogin()
 6 SYSTEMPATH\CodeIgniter.php(457): CodeIgniter\CodeIgniter->runController(Object(App\Controllers\Home))
 7 SYSTEMPATH\CodeIgniter.php(340): CodeIgniter\CodeIgniter->handleRequest(null, Object(Config\Cache), false)
 8 FCPATH\index.php(67): CodeIgniter\CodeIgniter->run()
CRITICAL - 2022-09-14 07:56:51 --> You must set the database table to be used with your query.
in SYSTEMPATH\Database\BaseConnection.php on line 872.
 1 SYSTEMPATH\Model.php(587): CodeIgniter\Database\BaseConnection->table(null)
 2 SYSTEMPATH\Model.php(170): CodeIgniter\Model->builder()
 3 SYSTEMPATH\BaseModel.php(523): CodeIgniter\Model->doFind(true, 'ar@g.com')
 4 APPPATH\Controllers\Home.php(63): CodeIgniter\BaseModel->find('ar@g.com')
 5 SYSTEMPATH\CodeIgniter.php(907): App\Controllers\Home->adminLogin()
 6 SYSTEMPATH\CodeIgniter.php(457): CodeIgniter\CodeIgniter->runController(Object(App\Controllers\Home))
 7 SYSTEMPATH\CodeIgniter.php(340): CodeIgniter\CodeIgniter->handleRequest(null, Object(Config\Cache), false)
 8 FCPATH\index.php(67): CodeIgniter\CodeIgniter->run()
CRITICAL - 2022-09-14 07:57:25 --> You must set the database table to be used with your query.
in SYSTEMPATH\Database\BaseConnection.php on line 872.
 1 SYSTEMPATH\Model.php(587): CodeIgniter\Database\BaseConnection->table(null)
 2 SYSTEMPATH\Model.php(170): CodeIgniter\Model->builder()
 3 SYSTEMPATH\BaseModel.php(523): CodeIgniter\Model->doFind(true, 'abc@gmail.com')
 4 APPPATH\Controllers\Home.php(63): CodeIgniter\BaseModel->find('abc@gmail.com')
 5 SYSTEMPATH\CodeIgniter.php(907): App\Controllers\Home->adminLogin()
 6 SYSTEMPATH\CodeIgniter.php(457): CodeIgniter\CodeIgniter->runController(Object(App\Controllers\Home))
 7 SYSTEMPATH\CodeIgniter.php(340): CodeIgniter\CodeIgniter->handleRequest(null, Object(Config\Cache), false)
 8 FCPATH\index.php(67): CodeIgniter\CodeIgniter->run()
CRITICAL - 2022-09-14 08:01:23 --> Object of class App\Models\AdminModel could not be converted to string
in APPPATH\Controllers\Home.php on line 64.
 1 SYSTEMPATH\CodeIgniter.php(907): App\Controllers\Home->adminLogin()
 2 SYSTEMPATH\CodeIgniter.php(457): CodeIgniter\CodeIgniter->runController(Object(App\Controllers\Home))
 3 SYSTEMPATH\CodeIgniter.php(340): CodeIgniter\CodeIgniter->handleRequest(null, Object(Config\Cache), false)
 4 FCPATH\index.php(67): CodeIgniter\CodeIgniter->run()
CRITICAL - 2022-09-14 08:04:39 --> Array to string conversion
in APPPATH\Controllers\Home.php on line 64.
 1 APPPATH\Controllers\Home.php(64): CodeIgniter\Debug\Exceptions->errorHandler(2, 'Array to string conversion', 'APPPATH\\Controllers\\Home.php', 64)
 2 SYSTEMPATH\CodeIgniter.php(907): App\Controllers\Home->adminLogin()
 3 SYSTEMPATH\CodeIgniter.php(457): CodeIgniter\CodeIgniter->runController(Object(App\Controllers\Home))
 4 SYSTEMPATH\CodeIgniter.php(340): CodeIgniter\CodeIgniter->handleRequest(null, Object(Config\Cache), false)
 5 FCPATH\index.php(67): CodeIgniter\CodeIgniter->run()
CRITICAL - 2022-09-14 08:08:32 --> Trying to access array offset on value of type null
in APPPATH\Controllers\Home.php on line 62.
 1 APPPATH\Controllers\Home.php(62): CodeIgniter\Debug\Exceptions->errorHandler(2, 'Trying to access array offset on value of type null', 'APPPATH\\Controllers\\Home.php', 62)
 2 SYSTEMPATH\CodeIgniter.php(907): App\Controllers\Home->adminLogin()
 3 SYSTEMPATH\CodeIgniter.php(457): CodeIgniter\CodeIgniter->runController(Object(App\Controllers\Home))
 4 SYSTEMPATH\CodeIgniter.php(340): CodeIgniter\CodeIgniter->handleRequest(null, Object(Config\Cache), false)
 5 FCPATH\index.php(67): CodeIgniter\CodeIgniter->run()
CRITICAL - 2022-09-14 08:09:15 --> Trying to access array offset on value of type null
in APPPATH\Controllers\Home.php on line 62.
 1 APPPATH\Controllers\Home.php(62): CodeIgniter\Debug\Exceptions->errorHandler(2, 'Trying to access array offset on value of type null', 'APPPATH\\Controllers\\Home.php', 62)
 2 SYSTEMPATH\CodeIgniter.php(907): App\Controllers\Home->adminLogin()
 3 SYSTEMPATH\CodeIgniter.php(457): CodeIgniter\CodeIgniter->runController(Object(App\Controllers\Home))
 4 SYSTEMPATH\CodeIgniter.php(340): CodeIgniter\CodeIgniter->handleRequest(null, Object(Config\Cache), false)
 5 FCPATH\index.php(67): CodeIgniter\CodeIgniter->run()
CRITICAL - 2022-09-14 08:10:01 --> Trying to access array offset on value of type null
in APPPATH\Controllers\Home.php on line 62.
 1 APPPATH\Controllers\Home.php(62): CodeIgniter\Debug\Exceptions->errorHandler(2, 'Trying to access array offset on value of type null', 'APPPATH\\Controllers\\Home.php', 62)
 2 SYSTEMPATH\CodeIgniter.php(907): App\Controllers\Home->adminLogin()
 3 SYSTEMPATH\CodeIgniter.php(457): CodeIgniter\CodeIgniter->runController(Object(App\Controllers\Home))
 4 SYSTEMPATH\CodeIgniter.php(340): CodeIgniter\CodeIgniter->handleRequest(null, Object(Config\Cache), false)
 5 FCPATH\index.php(67): CodeIgniter\CodeIgniter->run()
CRITICAL - 2022-09-14 11:08:32 --> Too few arguments to function App\Controllers\Home::adminSattaEdit(), 0 passed in C:\xampp\htdocs\satabazar\system\CodeIgniter.php on line 907 and exactly 1 expected
in APPPATH\Controllers\Home.php on line 151.
 1 SYSTEMPATH\CodeIgniter.php(907): App\Controllers\Home->adminSattaEdit()
 2 SYSTEMPATH\CodeIgniter.php(457): CodeIgniter\CodeIgniter->runController(Object(App\Controllers\Home))
 3 SYSTEMPATH\CodeIgniter.php(340): CodeIgniter\CodeIgniter->handleRequest(null, Object(Config\Cache), false)
 4 FCPATH\index.php(67): CodeIgniter\CodeIgniter->run()
CRITICAL - 2022-09-14 12:47:10 --> Undefined variable $session
in APPPATH\Controllers\Home.php on line 230.
 1 APPPATH\Controllers\Home.php(230): CodeIgniter\Debug\Exceptions->errorHandler(2, 'Undefined variable $session', 'APPPATH\\Controllers\\Home.php', 230)
 2 SYSTEMPATH\CodeIgniter.php(907): App\Controllers\Home->adminSattaDelete('1')
 3 SYSTEMPATH\CodeIgniter.php(457): CodeIgniter\CodeIgniter->runController(Object(App\Controllers\Home))
 4 SYSTEMPATH\CodeIgniter.php(340): CodeIgniter\CodeIgniter->handleRequest(null, Object(Config\Cache), false)
 5 FCPATH\index.php(67): CodeIgniter\CodeIgniter->run()
CRITICAL - 2022-09-14 13:15:47 --> The route for "adminEdit" cannot be found.
in SYSTEMPATH\HTTP\RedirectResponse.php on line 60.
 1 SYSTEMPATH\HTTP\RedirectResponse.php(60): CodeIgniter\HTTP\Exceptions\HTTPException::forInvalidRedirectRoute('adminEdit')
 2 SYSTEMPATH\Common.php(869): CodeIgniter\HTTP\RedirectResponse->route(false)
 3 APPPATH\Controllers\Home.php(225): redirect('adminEdit')
 4 SYSTEMPATH\CodeIgniter.php(907): App\Controllers\Home->adminSattaEdit()
 5 SYSTEMPATH\CodeIgniter.php(457): CodeIgniter\CodeIgniter->runController(Object(App\Controllers\Home))
 6 SYSTEMPATH\CodeIgniter.php(340): CodeIgniter\CodeIgniter->handleRequest(null, Object(Config\Cache), false)
 7 FCPATH\index.php(67): CodeIgniter\CodeIgniter->run()
CRITICAL - 2022-09-14 13:16:23 --> The route for "adminEdit" cannot be found.
in SYSTEMPATH\HTTP\RedirectResponse.php on line 60.
 1 SYSTEMPATH\HTTP\RedirectResponse.php(60): CodeIgniter\HTTP\Exceptions\HTTPException::forInvalidRedirectRoute('adminEdit')
 2 SYSTEMPATH\Common.php(869): CodeIgniter\HTTP\RedirectResponse->route(false)
 3 APPPATH\Controllers\Home.php(223): redirect('adminEdit')
 4 SYSTEMPATH\CodeIgniter.php(907): App\Controllers\Home->adminSattaEdit()
 5 SYSTEMPATH\CodeIgniter.php(457): CodeIgniter\CodeIgniter->runController(Object(App\Controllers\Home))
 6 SYSTEMPATH\CodeIgniter.php(340): CodeIgniter\CodeIgniter->handleRequest(null, Object(Config\Cache), false)
 7 FCPATH\index.php(67): CodeIgniter\CodeIgniter->run()
CRITICAL - 2022-09-14 13:18:44 --> The route for "adminEdit" cannot be found.
in SYSTEMPATH\HTTP\RedirectResponse.php on line 60.
 1 SYSTEMPATH\HTTP\RedirectResponse.php(60): CodeIgniter\HTTP\Exceptions\HTTPException::forInvalidRedirectRoute('adminEdit')
 2 SYSTEMPATH\Common.php(869): CodeIgniter\HTTP\RedirectResponse->route(false)
 3 APPPATH\Controllers\Home.php(223): redirect('adminEdit')
 4 SYSTEMPATH\CodeIgniter.php(907): App\Controllers\Home->adminSattaEdit()
 5 SYSTEMPATH\CodeIgniter.php(457): CodeIgniter\CodeIgniter->runController(Object(App\Controllers\Home))
 6 SYSTEMPATH\CodeIgniter.php(340): CodeIgniter\CodeIgniter->handleRequest(null, Object(Config\Cache), false)
 7 FCPATH\index.php(67): CodeIgniter\CodeIgniter->run()
