CRITICAL - 2022-09-29 09:51:18 --> Undefined variable $admin
in APPPATH\Controllers\Home.php on line 75.
 1 APPPATH\Controllers\Home.php(75): CodeIgniter\Debug\Exceptions->errorHandler(2, 'Undefined variable $admin', 'APPPATH\\Controllers\\Home.php', 75)
 2 SYSTEMPATH\CodeIgniter.php(907): App\Controllers\Home->adminLogin()
 3 SYSTEMPATH\CodeIgniter.php(457): CodeIgniter\CodeIgniter->runController(Object(App\Controllers\Home))
 4 SYSTEMPATH\CodeIgniter.php(340): CodeIgniter\CodeIgniter->handleRequest(null, Object(Config\Cache), false)
 5 FCPATH\index.php(67): CodeIgniter\CodeIgniter->run()
CRITICAL - 2022-09-29 09:52:28 --> Call to a member function send() on string
in APPPATH\Controllers\Home.php on line 82.
 1 SYSTEMPATH\CodeIgniter.php(907): App\Controllers\Home->adminLogin()
 2 SYSTEMPATH\CodeIgniter.php(457): CodeIgniter\CodeIgniter->runController(Object(App\Controllers\Home))
 3 SYSTEMPATH\CodeIgniter.php(340): CodeIgniter\CodeIgniter->handleRequest(null, Object(Config\Cache), false)
 4 FCPATH\index.php(67): CodeIgniter\CodeIgniter->run()
CRITICAL - 2022-09-29 13:03:28 --> view(): Argument #1 ($name) must be of type string, array given, called in C:\xampp\htdocs\satabazar\app\Controllers\Home.php on line 95
in SYSTEMPATH\Common.php on line 1128.
 1 APPPATH\Controllers\Home.php(95): view([...])
 2 SYSTEMPATH\CodeIgniter.php(907): App\Controllers\Home->adminLogin()
 3 SYSTEMPATH\CodeIgniter.php(457): CodeIgniter\CodeIgniter->runController(Object(App\Controllers\Home))
 4 SYSTEMPATH\CodeIgniter.php(340): CodeIgniter\CodeIgniter->handleRequest(null, Object(Config\Cache), false)
 5 FCPATH\index.php(67): CodeIgniter\CodeIgniter->run()
CRITICAL - 2022-09-29 13:04:13 --> view(): Argument #1 ($name) must be of type string, array given, called in C:\xampp\htdocs\satabazar\app\Controllers\Home.php on line 95
in SYSTEMPATH\Common.php on line 1128.
 1 APPPATH\Controllers\Home.php(95): view([...])
 2 SYSTEMPATH\CodeIgniter.php(907): App\Controllers\Home->adminLogin()
 3 SYSTEMPATH\CodeIgniter.php(457): CodeIgniter\CodeIgniter->runController(Object(App\Controllers\Home))
 4 SYSTEMPATH\CodeIgniter.php(340): CodeIgniter\CodeIgniter->handleRequest(null, Object(Config\Cache), false)
 5 FCPATH\index.php(67): CodeIgniter\CodeIgniter->run()
CRITICAL - 2022-09-29 13:07:40 --> view(): Argument #1 ($name) must be of type string, array given, called in C:\xampp\htdocs\satabazar\app\Controllers\Home.php on line 95
in SYSTEMPATH\Common.php on line 1128.
 1 APPPATH\Controllers\Home.php(95): view([...])
 2 SYSTEMPATH\CodeIgniter.php(907): App\Controllers\Home->adminLogin()
 3 SYSTEMPATH\CodeIgniter.php(457): CodeIgniter\CodeIgniter->runController(Object(App\Controllers\Home))
 4 SYSTEMPATH\CodeIgniter.php(340): CodeIgniter\CodeIgniter->handleRequest(null, Object(Config\Cache), false)
 5 FCPATH\index.php(67): CodeIgniter\CodeIgniter->run()
CRITICAL - 2022-09-29 13:12:11 --> view(): Argument #1 ($name) must be of type string, array given, called in C:\xampp\htdocs\satabazar\app\Controllers\Home.php on line 95
in SYSTEMPATH\Common.php on line 1128.
 1 APPPATH\Controllers\Home.php(95): view([...])
 2 SYSTEMPATH\CodeIgniter.php(907): App\Controllers\Home->adminLogin()
 3 SYSTEMPATH\CodeIgniter.php(457): CodeIgniter\CodeIgniter->runController(Object(App\Controllers\Home))
 4 SYSTEMPATH\CodeIgniter.php(340): CodeIgniter\CodeIgniter->handleRequest(null, Object(Config\Cache), false)
 5 FCPATH\index.php(67): CodeIgniter\CodeIgniter->run()
CRITICAL - 2022-09-29 13:14:04 --> view(): Argument #1 ($name) must be of type string, array given, called in C:\xampp\htdocs\satabazar\app\Controllers\Home.php on line 96
in SYSTEMPATH\Common.php on line 1128.
 1 APPPATH\Controllers\Home.php(96): view([...])
 2 SYSTEMPATH\CodeIgniter.php(907): App\Controllers\Home->adminLogin()
 3 SYSTEMPATH\CodeIgniter.php(457): CodeIgniter\CodeIgniter->runController(Object(App\Controllers\Home))
 4 SYSTEMPATH\CodeIgniter.php(340): CodeIgniter\CodeIgniter->handleRequest(null, Object(Config\Cache), false)
 5 FCPATH\index.php(67): CodeIgniter\CodeIgniter->run()
CRITICAL - 2022-09-29 13:14:34 --> view(): Argument #1 ($name) must be of type string, array given, called in C:\xampp\htdocs\satabazar\app\Controllers\Home.php on line 96
in SYSTEMPATH\Common.php on line 1128.
 1 APPPATH\Controllers\Home.php(96): view([...])
 2 SYSTEMPATH\CodeIgniter.php(907): App\Controllers\Home->adminLogin()
 3 SYSTEMPATH\CodeIgniter.php(457): CodeIgniter\CodeIgniter->runController(Object(App\Controllers\Home))
 4 SYSTEMPATH\CodeIgniter.php(340): CodeIgniter\CodeIgniter->handleRequest(null, Object(Config\Cache), false)
 5 FCPATH\index.php(67): CodeIgniter\CodeIgniter->run()
CRITICAL - 2022-09-29 13:16:47 --> view(): Argument #1 ($name) must be of type string, array given, called in C:\xampp\htdocs\satabazar\app\Controllers\Home.php on line 96
in SYSTEMPATH\Common.php on line 1128.
 1 APPPATH\Controllers\Home.php(96): view([...])
 2 SYSTEMPATH\CodeIgniter.php(907): App\Controllers\Home->adminLogin()
 3 SYSTEMPATH\CodeIgniter.php(457): CodeIgniter\CodeIgniter->runController(Object(App\Controllers\Home))
 4 SYSTEMPATH\CodeIgniter.php(340): CodeIgniter\CodeIgniter->handleRequest(null, Object(Config\Cache), false)
 5 FCPATH\index.php(67): CodeIgniter\CodeIgniter->run()
CRITICAL - 2022-09-29 13:17:23 --> Undefined variable $mydata
in APPPATH\Views\getOtpPassword.php on line 7.
 1 APPPATH\Views\getOtpPassword.php(7): CodeIgniter\Debug\Exceptions->errorHandler(2, 'Undefined variable $mydata', 'APPPATH\\Views\\getOtpPassword.php', 7)
 2 SYSTEMPATH\View\View.php(213): include('APPPATH\\Views\\getOtpPassword.php')
 3 SYSTEMPATH\View\View.php(216): CodeIgniter\View\View->CodeIgniter\View\{closure}()
 4 SYSTEMPATH\Common.php(1142): CodeIgniter\View\View->render('getOtpPassword', [], true)
 5 APPPATH\Controllers\Home.php(96): view('getOtpPassword', [...])
 6 SYSTEMPATH\CodeIgniter.php(907): App\Controllers\Home->adminLogin()
 7 SYSTEMPATH\CodeIgniter.php(457): CodeIgniter\CodeIgniter->runController(Object(App\Controllers\Home))
 8 SYSTEMPATH\CodeIgniter.php(340): CodeIgniter\CodeIgniter->handleRequest(null, Object(Config\Cache), false)
 9 FCPATH\index.php(67): CodeIgniter\CodeIgniter->run()
CRITICAL - 2022-09-29 13:29:32 --> Undefined variable $adminrow
in APPPATH\Controllers\Home.php on line 438.
 1 APPPATH\Controllers\Home.php(438): CodeIgniter\Debug\Exceptions->errorHandler(2, 'Undefined variable $adminrow', 'APPPATH\\Controllers\\Home.php', 438)
 2 SYSTEMPATH\CodeIgniter.php(907): App\Controllers\Home->adminVerifyOtpLogin()
 3 SYSTEMPATH\CodeIgniter.php(457): CodeIgniter\CodeIgniter->runController(Object(App\Controllers\Home))
 4 SYSTEMPATH\CodeIgniter.php(340): CodeIgniter\CodeIgniter->handleRequest(null, Object(Config\Cache), false)
 5 FCPATH\index.php(67): CodeIgniter\CodeIgniter->run()
CRITICAL - 2022-09-29 13:41:46 --> Cannot use object of type App\Models\AdminModel as array
in APPPATH\Controllers\Home.php on line 455.
 1 SYSTEMPATH\CodeIgniter.php(907): App\Controllers\Home->adminVerifyOtpLogin()
 2 SYSTEMPATH\CodeIgniter.php(457): CodeIgniter\CodeIgniter->runController(Object(App\Controllers\Home))
 3 SYSTEMPATH\CodeIgniter.php(340): CodeIgniter\CodeIgniter->handleRequest(null, Object(Config\Cache), false)
 4 FCPATH\index.php(67): CodeIgniter\CodeIgniter->run()
CRITICAL - 2022-09-29 13:42:43 --> Trying to access array offset on value of type null
in APPPATH\Controllers\Home.php on line 455.
 1 APPPATH\Controllers\Home.php(455): CodeIgniter\Debug\Exceptions->errorHandler(2, 'Trying to access array offset on value of type null', 'APPPATH\\Controllers\\Home.php', 455)
 2 SYSTEMPATH\CodeIgniter.php(907): App\Controllers\Home->adminVerifyOtpLogin()
 3 SYSTEMPATH\CodeIgniter.php(457): CodeIgniter\CodeIgniter->runController(Object(App\Controllers\Home))
 4 SYSTEMPATH\CodeIgniter.php(340): CodeIgniter\CodeIgniter->handleRequest(null, Object(Config\Cache), false)
 5 FCPATH\index.php(67): CodeIgniter\CodeIgniter->run()
CRITICAL - 2022-09-29 13:44:17 --> Trying to access array offset on value of type null
in APPPATH\Controllers\Home.php on line 455.
 1 APPPATH\Controllers\Home.php(455): CodeIgniter\Debug\Exceptions->errorHandler(2, 'Trying to access array offset on value of type null', 'APPPATH\\Controllers\\Home.php', 455)
 2 SYSTEMPATH\CodeIgniter.php(907): App\Controllers\Home->adminVerifyOtpLogin()
 3 SYSTEMPATH\CodeIgniter.php(457): CodeIgniter\CodeIgniter->runController(Object(App\Controllers\Home))
 4 SYSTEMPATH\CodeIgniter.php(340): CodeIgniter\CodeIgniter->handleRequest(null, Object(Config\Cache), false)
 5 FCPATH\index.php(67): CodeIgniter\CodeIgniter->run()
CRITICAL - 2022-09-29 13:48:01 --> Undefined variable $mydata
in APPPATH\Views\getOtpPassword.php on line 7.
 1 APPPATH\Views\getOtpPassword.php(7): CodeIgniter\Debug\Exceptions->errorHandler(2, 'Undefined variable $mydata', 'APPPATH\\Views\\getOtpPassword.php', 7)
 2 SYSTEMPATH\View\View.php(213): include('APPPATH\\Views\\getOtpPassword.php')
 3 SYSTEMPATH\View\View.php(216): CodeIgniter\View\View->CodeIgniter\View\{closure}()
 4 SYSTEMPATH\Common.php(1142): CodeIgniter\View\View->render('getOtpPassword', [], true)
 5 APPPATH\Controllers\Home.php(447): view('getOtpPassword', [...])
 6 SYSTEMPATH\CodeIgniter.php(907): App\Controllers\Home->adminVerifyOtpLogin()
 7 SYSTEMPATH\CodeIgniter.php(457): CodeIgniter\CodeIgniter->runController(Object(App\Controllers\Home))
 8 SYSTEMPATH\CodeIgniter.php(340): CodeIgniter\CodeIgniter->handleRequest(null, Object(Config\Cache), false)
 9 FCPATH\index.php(67): CodeIgniter\CodeIgniter->run()
CRITICAL - 2022-09-29 13:51:22 --> Undefined variable $mydata
in APPPATH\Views\getOtpPassword.php on line 7.
 1 APPPATH\Views\getOtpPassword.php(7): CodeIgniter\Debug\Exceptions->errorHandler(2, 'Undefined variable $mydata', 'APPPATH\\Views\\getOtpPassword.php', 7)
 2 SYSTEMPATH\View\View.php(213): include('APPPATH\\Views\\getOtpPassword.php')
 3 SYSTEMPATH\View\View.php(216): CodeIgniter\View\View->CodeIgniter\View\{closure}()
 4 SYSTEMPATH\Common.php(1142): CodeIgniter\View\View->render('getOtpPassword', [], true)
 5 APPPATH\Controllers\Home.php(447): view('getOtpPassword', [...])
 6 SYSTEMPATH\CodeIgniter.php(907): App\Controllers\Home->adminVerifyOtpLogin()
 7 SYSTEMPATH\CodeIgniter.php(457): CodeIgniter\CodeIgniter->runController(Object(App\Controllers\Home))
 8 SYSTEMPATH\CodeIgniter.php(340): CodeIgniter\CodeIgniter->handleRequest(null, Object(Config\Cache), false)
 9 FCPATH\index.php(67): CodeIgniter\CodeIgniter->run()
CRITICAL - 2022-09-29 13:52:17 --> Undefined variable $userEmail
in APPPATH\Controllers\Home.php on line 430.
 1 APPPATH\Controllers\Home.php(430): CodeIgniter\Debug\Exceptions->errorHandler(2, 'Undefined variable $userEmail', 'APPPATH\\Controllers\\Home.php', 430)
 2 SYSTEMPATH\CodeIgniter.php(907): App\Controllers\Home->adminVerifyOtpLogin()
 3 SYSTEMPATH\CodeIgniter.php(457): CodeIgniter\CodeIgniter->runController(Object(App\Controllers\Home))
 4 SYSTEMPATH\CodeIgniter.php(340): CodeIgniter\CodeIgniter->handleRequest(null, Object(Config\Cache), false)
 5 FCPATH\index.php(67): CodeIgniter\CodeIgniter->run()
CRITICAL - 2022-09-29 13:53:35 --> Undefined variable $userEmail
in APPPATH\Controllers\Home.php on line 430.
 1 APPPATH\Controllers\Home.php(430): CodeIgniter\Debug\Exceptions->errorHandler(2, 'Undefined variable $userEmail', 'APPPATH\\Controllers\\Home.php', 430)
 2 SYSTEMPATH\CodeIgniter.php(907): App\Controllers\Home->adminVerifyOtpLogin()
 3 SYSTEMPATH\CodeIgniter.php(457): CodeIgniter\CodeIgniter->runController(Object(App\Controllers\Home))
 4 SYSTEMPATH\CodeIgniter.php(340): CodeIgniter\CodeIgniter->handleRequest(null, Object(Config\Cache), false)
 5 FCPATH\index.php(67): CodeIgniter\CodeIgniter->run()
CRITICAL - 2022-09-29 13:54:18 --> Undefined variable $mydata
in APPPATH\Views\getOtpPassword.php on line 7.
 1 APPPATH\Views\getOtpPassword.php(7): CodeIgniter\Debug\Exceptions->errorHandler(2, 'Undefined variable $mydata', 'APPPATH\\Views\\getOtpPassword.php', 7)
 2 SYSTEMPATH\View\View.php(213): include('APPPATH\\Views\\getOtpPassword.php')
 3 SYSTEMPATH\View\View.php(216): CodeIgniter\View\View->CodeIgniter\View\{closure}()
 4 SYSTEMPATH\Common.php(1142): CodeIgniter\View\View->render('getOtpPassword', [], true)
 5 APPPATH\Controllers\Home.php(448): view('getOtpPassword', [...])
 6 SYSTEMPATH\CodeIgniter.php(907): App\Controllers\Home->adminVerifyOtpLogin()
 7 SYSTEMPATH\CodeIgniter.php(457): CodeIgniter\CodeIgniter->runController(Object(App\Controllers\Home))
 8 SYSTEMPATH\CodeIgniter.php(340): CodeIgniter\CodeIgniter->handleRequest(null, Object(Config\Cache), false)
 9 FCPATH\index.php(67): CodeIgniter\CodeIgniter->run()
CRITICAL - 2022-09-29 14:09:36 --> Undefined variable $mydata
in APPPATH\Views\getOtpPassword.php on line 7.
 1 APPPATH\Views\getOtpPassword.php(7): CodeIgniter\Debug\Exceptions->errorHandler(2, 'Undefined variable $mydata', 'APPPATH\\Views\\getOtpPassword.php', 7)
 2 SYSTEMPATH\View\View.php(213): include('APPPATH\\Views\\getOtpPassword.php')
 3 SYSTEMPATH\View\View.php(216): CodeIgniter\View\View->CodeIgniter\View\{closure}()
 4 SYSTEMPATH\Common.php(1142): CodeIgniter\View\View->render('getOtpPassword', [], true)
 5 APPPATH\Controllers\Home.php(468): view('getOtpPassword', [...])
 6 SYSTEMPATH\CodeIgniter.php(907): App\Controllers\Home->adminVerifyOtpLogin()
 7 SYSTEMPATH\CodeIgniter.php(457): CodeIgniter\CodeIgniter->runController(Object(App\Controllers\Home))
 8 SYSTEMPATH\CodeIgniter.php(340): CodeIgniter\CodeIgniter->handleRequest(null, Object(Config\Cache), false)
 9 FCPATH\index.php(67): CodeIgniter\CodeIgniter->run()
CRITICAL - 2022-09-29 14:34:38 --> Undefined variable $mydata
in APPPATH\Views\getOtpPassword.php on line 7.
 1 APPPATH\Views\getOtpPassword.php(7): CodeIgniter\Debug\Exceptions->errorHandler(2, 'Undefined variable $mydata', 'APPPATH\\Views\\getOtpPassword.php', 7)
 2 SYSTEMPATH\View\View.php(213): include('APPPATH\\Views\\getOtpPassword.php')
 3 SYSTEMPATH\View\View.php(216): CodeIgniter\View\View->CodeIgniter\View\{closure}()
 4 SYSTEMPATH\Common.php(1142): CodeIgniter\View\View->render('getOtpPassword', [], true)
 5 APPPATH\Controllers\Home.php(528): view('getOtpPassword', [...])
 6 SYSTEMPATH\CodeIgniter.php(907): App\Controllers\Home->adminChangePassword()
 7 SYSTEMPATH\CodeIgniter.php(457): CodeIgniter\CodeIgniter->runController(Object(App\Controllers\Home))
 8 SYSTEMPATH\CodeIgniter.php(340): CodeIgniter\CodeIgniter->handleRequest(null, Object(Config\Cache), false)
 9 FCPATH\index.php(67): CodeIgniter\CodeIgniter->run()
CRITICAL - 2022-09-29 14:43:31 --> Undefined variable $adminrow
in APPPATH\Controllers\Home.php on line 663.
 1 APPPATH\Controllers\Home.php(663): CodeIgniter\Debug\Exceptions->errorHandler(2, 'Undefined variable $adminrow', 'APPPATH\\Controllers\\Home.php', 663)
 2 SYSTEMPATH\CodeIgniter.php(907): App\Controllers\Home->adminForgotAdminPass()
 3 SYSTEMPATH\CodeIgniter.php(457): CodeIgniter\CodeIgniter->runController(Object(App\Controllers\Home))
 4 SYSTEMPATH\CodeIgniter.php(340): CodeIgniter\CodeIgniter->handleRequest(null, Object(Config\Cache), false)
 5 FCPATH\index.php(67): CodeIgniter\CodeIgniter->run()
CRITICAL - 2022-09-29 14:45:33 --> Undefined variable $mydata
in APPPATH\Views\getOtpPassword.php on line 7.
 1 APPPATH\Views\getOtpPassword.php(7): CodeIgniter\Debug\Exceptions->errorHandler(2, 'Undefined variable $mydata', 'APPPATH\\Views\\getOtpPassword.php', 7)
 2 SYSTEMPATH\View\View.php(213): include('APPPATH\\Views\\getOtpPassword.php')
 3 SYSTEMPATH\View\View.php(216): CodeIgniter\View\View->CodeIgniter\View\{closure}()
 4 SYSTEMPATH\Common.php(1142): CodeIgniter\View\View->render('getOtpPassword', [], true)
 5 APPPATH\Controllers\Home.php(673): view('getOtpPassword', [...])
 6 SYSTEMPATH\CodeIgniter.php(907): App\Controllers\Home->adminForgotAdminPass()
 7 SYSTEMPATH\CodeIgniter.php(457): CodeIgniter\CodeIgniter->runController(Object(App\Controllers\Home))
 8 SYSTEMPATH\CodeIgniter.php(340): CodeIgniter\CodeIgniter->handleRequest(null, Object(Config\Cache), false)
 9 FCPATH\index.php(67): CodeIgniter\CodeIgniter->run()
CRITICAL - 2022-09-29 14:46:50 --> Undefined variable $mydata
in APPPATH\Views\getOtpPassword.php on line 7.
 1 APPPATH\Views\getOtpPassword.php(7): CodeIgniter\Debug\Exceptions->errorHandler(2, 'Undefined variable $mydata', 'APPPATH\\Views\\getOtpPassword.php', 7)
 2 SYSTEMPATH\View\View.php(213): include('APPPATH\\Views\\getOtpPassword.php')
 3 SYSTEMPATH\View\View.php(216): CodeIgniter\View\View->CodeIgniter\View\{closure}()
 4 SYSTEMPATH\Common.php(1142): CodeIgniter\View\View->render('getOtpPassword', [], true)
 5 APPPATH\Controllers\Home.php(673): view('getOtpPassword', [...])
 6 SYSTEMPATH\CodeIgniter.php(907): App\Controllers\Home->adminForgotAdminPass()
 7 SYSTEMPATH\CodeIgniter.php(457): CodeIgniter\CodeIgniter->runController(Object(App\Controllers\Home))
 8 SYSTEMPATH\CodeIgniter.php(340): CodeIgniter\CodeIgniter->handleRequest(null, Object(Config\Cache), false)
 9 FCPATH\index.php(67): CodeIgniter\CodeIgniter->run()
CRITICAL - 2022-09-29 14:46:53 --> Undefined variable $mydata
in APPPATH\Views\getOtpPassword.php on line 7.
 1 APPPATH\Views\getOtpPassword.php(7): CodeIgniter\Debug\Exceptions->errorHandler(2, 'Undefined variable $mydata', 'APPPATH\\Views\\getOtpPassword.php', 7)
 2 SYSTEMPATH\View\View.php(213): include('APPPATH\\Views\\getOtpPassword.php')
 3 SYSTEMPATH\View\View.php(216): CodeIgniter\View\View->CodeIgniter\View\{closure}()
 4 SYSTEMPATH\Common.php(1142): CodeIgniter\View\View->render('getOtpPassword', [], true)
 5 APPPATH\Controllers\Home.php(673): view('getOtpPassword', [...])
 6 SYSTEMPATH\CodeIgniter.php(907): App\Controllers\Home->adminForgotAdminPass()
 7 SYSTEMPATH\CodeIgniter.php(457): CodeIgniter\CodeIgniter->runController(Object(App\Controllers\Home))
 8 SYSTEMPATH\CodeIgniter.php(340): CodeIgniter\CodeIgniter->handleRequest(null, Object(Config\Cache), false)
 9 FCPATH\index.php(67): CodeIgniter\CodeIgniter->run()
CRITICAL - 2022-09-29 14:47:12 --> Undefined variable $mydata
in APPPATH\Views\getOtpPassword.php on line 7.
 1 APPPATH\Views\getOtpPassword.php(7): CodeIgniter\Debug\Exceptions->errorHandler(2, 'Undefined variable $mydata', 'APPPATH\\Views\\getOtpPassword.php', 7)
 2 SYSTEMPATH\View\View.php(213): include('APPPATH\\Views\\getOtpPassword.php')
 3 SYSTEMPATH\View\View.php(216): CodeIgniter\View\View->CodeIgniter\View\{closure}()
 4 SYSTEMPATH\Common.php(1142): CodeIgniter\View\View->render('getOtpPassword', [], true)
 5 APPPATH\Controllers\Home.php(673): view('getOtpPassword', [...])
 6 SYSTEMPATH\CodeIgniter.php(907): App\Controllers\Home->adminForgotAdminPass()
 7 SYSTEMPATH\CodeIgniter.php(457): CodeIgniter\CodeIgniter->runController(Object(App\Controllers\Home))
 8 SYSTEMPATH\CodeIgniter.php(340): CodeIgniter\CodeIgniter->handleRequest(null, Object(Config\Cache), false)
 9 FCPATH\index.php(67): CodeIgniter\CodeIgniter->run()
CRITICAL - 2022-09-29 14:47:20 --> Undefined variable $mydata
in APPPATH\Views\getOtpPassword.php on line 7.
 1 APPPATH\Views\getOtpPassword.php(7): CodeIgniter\Debug\Exceptions->errorHandler(2, 'Undefined variable $mydata', 'APPPATH\\Views\\getOtpPassword.php', 7)
 2 SYSTEMPATH\View\View.php(213): include('APPPATH\\Views\\getOtpPassword.php')
 3 SYSTEMPATH\View\View.php(216): CodeIgniter\View\View->CodeIgniter\View\{closure}()
 4 SYSTEMPATH\Common.php(1142): CodeIgniter\View\View->render('getOtpPassword', [], true)
 5 APPPATH\Controllers\Home.php(673): view('getOtpPassword', [...])
 6 SYSTEMPATH\CodeIgniter.php(907): App\Controllers\Home->adminForgotAdminPass()
 7 SYSTEMPATH\CodeIgniter.php(457): CodeIgniter\CodeIgniter->runController(Object(App\Controllers\Home))
 8 SYSTEMPATH\CodeIgniter.php(340): CodeIgniter\CodeIgniter->handleRequest(null, Object(Config\Cache), false)
 9 FCPATH\index.php(67): CodeIgniter\CodeIgniter->run()
CRITICAL - 2022-09-29 14:47:56 --> Undefined array key "pinkhead"
in APPPATH\Views\getOtpPassword.php on line 7.
 1 APPPATH\Views\getOtpPassword.php(7): CodeIgniter\Debug\Exceptions->errorHandler(2, 'Undefined array key "pinkhead"', 'APPPATH\\Views\\getOtpPassword.php', 7)
 2 SYSTEMPATH\View\View.php(213): include('APPPATH\\Views\\getOtpPassword.php')
 3 SYSTEMPATH\View\View.php(216): CodeIgniter\View\View->CodeIgniter\View\{closure}()
 4 SYSTEMPATH\Common.php(1142): CodeIgniter\View\View->render('getOtpPassword', [], true)
 5 APPPATH\Controllers\Home.php(673): view('getOtpPassword', [...])
 6 SYSTEMPATH\CodeIgniter.php(907): App\Controllers\Home->adminForgotAdminPass()
 7 SYSTEMPATH\CodeIgniter.php(457): CodeIgniter\CodeIgniter->runController(Object(App\Controllers\Home))
 8 SYSTEMPATH\CodeIgniter.php(340): CodeIgniter\CodeIgniter->handleRequest(null, Object(Config\Cache), false)
 9 FCPATH\index.php(67): CodeIgniter\CodeIgniter->run()
CRITICAL - 2022-09-29 14:48:50 --> Undefined variable $session
in APPPATH\Controllers\Home.php on line 691.
 1 APPPATH\Controllers\Home.php(691): CodeIgniter\Debug\Exceptions->errorHandler(2, 'Undefined variable $session', 'APPPATH\\Controllers\\Home.php', 691)
 2 SYSTEMPATH\CodeIgniter.php(907): App\Controllers\Home->adminForgotAdminPass()
 3 SYSTEMPATH\CodeIgniter.php(457): CodeIgniter\CodeIgniter->runController(Object(App\Controllers\Home))
 4 SYSTEMPATH\CodeIgniter.php(340): CodeIgniter\CodeIgniter->handleRequest(null, Object(Config\Cache), false)
 5 FCPATH\index.php(67): CodeIgniter\CodeIgniter->run()
CRITICAL - 2022-09-29 14:49:13 --> Undefined array key "pinkhead"
in APPPATH\Views\getOtpPassword.php on line 7.
 1 APPPATH\Views\getOtpPassword.php(7): CodeIgniter\Debug\Exceptions->errorHandler(2, 'Undefined array key "pinkhead"', 'APPPATH\\Views\\getOtpPassword.php', 7)
 2 SYSTEMPATH\View\View.php(213): include('APPPATH\\Views\\getOtpPassword.php')
 3 SYSTEMPATH\View\View.php(216): CodeIgniter\View\View->CodeIgniter\View\{closure}()
 4 SYSTEMPATH\Common.php(1142): CodeIgniter\View\View->render('getOtpPassword', [], true)
 5 APPPATH\Controllers\Home.php(698): view('getOtpPassword', [...])
 6 SYSTEMPATH\CodeIgniter.php(907): App\Controllers\Home->adminForgotAdminPass()
 7 SYSTEMPATH\CodeIgniter.php(457): CodeIgniter\CodeIgniter->runController(Object(App\Controllers\Home))
 8 SYSTEMPATH\CodeIgniter.php(340): CodeIgniter\CodeIgniter->handleRequest(null, Object(Config\Cache), false)
 9 FCPATH\index.php(67): CodeIgniter\CodeIgniter->run()
CRITICAL - 2022-09-29 14:49:17 --> Undefined array key "pinkhead"
in APPPATH\Views\getOtpPassword.php on line 7.
 1 APPPATH\Views\getOtpPassword.php(7): CodeIgniter\Debug\Exceptions->errorHandler(2, 'Undefined array key "pinkhead"', 'APPPATH\\Views\\getOtpPassword.php', 7)
 2 SYSTEMPATH\View\View.php(213): include('APPPATH\\Views\\getOtpPassword.php')
 3 SYSTEMPATH\View\View.php(216): CodeIgniter\View\View->CodeIgniter\View\{closure}()
 4 SYSTEMPATH\Common.php(1142): CodeIgniter\View\View->render('getOtpPassword', [], true)
 5 APPPATH\Controllers\Home.php(698): view('getOtpPassword', [...])
 6 SYSTEMPATH\CodeIgniter.php(907): App\Controllers\Home->adminForgotAdminPass()
 7 SYSTEMPATH\CodeIgniter.php(457): CodeIgniter\CodeIgniter->runController(Object(App\Controllers\Home))
 8 SYSTEMPATH\CodeIgniter.php(340): CodeIgniter\CodeIgniter->handleRequest(null, Object(Config\Cache), false)
 9 FCPATH\index.php(67): CodeIgniter\CodeIgniter->run()
CRITICAL - 2022-09-29 14:49:33 --> Undefined variable $msg
in APPPATH\Controllers\Home.php on line 697.
 1 APPPATH\Controllers\Home.php(697): CodeIgniter\Debug\Exceptions->errorHandler(2, 'Undefined variable $msg', 'APPPATH\\Controllers\\Home.php', 697)
 2 SYSTEMPATH\CodeIgniter.php(907): App\Controllers\Home->adminForgotAdminPass()
 3 SYSTEMPATH\CodeIgniter.php(457): CodeIgniter\CodeIgniter->runController(Object(App\Controllers\Home))
 4 SYSTEMPATH\CodeIgniter.php(340): CodeIgniter\CodeIgniter->handleRequest(null, Object(Config\Cache), false)
 5 FCPATH\index.php(67): CodeIgniter\CodeIgniter->run()
CRITICAL - 2022-09-29 18:14:19 --> Undefined variable $session
in APPPATH\Controllers\Home.php on line 643.
 1 APPPATH\Controllers\Home.php(643): CodeIgniter\Debug\Exceptions->errorHandler(2, 'Undefined variable $session', 'APPPATH\\Controllers\\Home.php', 643)
 2 SYSTEMPATH\CodeIgniter.php(907): App\Controllers\Home->setdefaultAdminCredentials()
 3 SYSTEMPATH\CodeIgniter.php(457): CodeIgniter\CodeIgniter->runController(Object(App\Controllers\Home))
 4 SYSTEMPATH\CodeIgniter.php(340): CodeIgniter\CodeIgniter->handleRequest(null, Object(Config\Cache), false)
 5 FCPATH\index.php(67): CodeIgniter\CodeIgniter->run()
CRITICAL - 2022-09-29 18:27:53 --> Undefined variable $sataRow
in APPPATH\Controllers\Home.php on line 353.
 1 APPPATH\Controllers\Home.php(353): CodeIgniter\Debug\Exceptions->errorHandler(2, 'Undefined variable $sataRow', 'APPPATH\\Controllers\\Home.php', 353)
 2 SYSTEMPATH\CodeIgniter.php(907): App\Controllers\Home->sattaPanel('1')
 3 SYSTEMPATH\CodeIgniter.php(457): CodeIgniter\CodeIgniter->runController(Object(App\Controllers\Home))
 4 SYSTEMPATH\CodeIgniter.php(340): CodeIgniter\CodeIgniter->handleRequest(null, Object(Config\Cache), false)
 5 FCPATH\index.php(67): CodeIgniter\CodeIgniter->run()
CRITICAL - 2022-09-29 18:28:24 --> Undefined variable $sataRow
in APPPATH\Controllers\Home.php on line 353.
 1 APPPATH\Controllers\Home.php(353): CodeIgniter\Debug\Exceptions->errorHandler(2, 'Undefined variable $sataRow', 'APPPATH\\Controllers\\Home.php', 353)
 2 SYSTEMPATH\CodeIgniter.php(907): App\Controllers\Home->sattaPanel('1')
 3 SYSTEMPATH\CodeIgniter.php(457): CodeIgniter\CodeIgniter->runController(Object(App\Controllers\Home))
 4 SYSTEMPATH\CodeIgniter.php(340): CodeIgniter\CodeIgniter->handleRequest(null, Object(Config\Cache), false)
 5 FCPATH\index.php(67): CodeIgniter\CodeIgniter->run()
CRITICAL - 2022-09-29 18:28:25 --> Undefined variable $sataRow
in APPPATH\Controllers\Home.php on line 353.
 1 APPPATH\Controllers\Home.php(353): CodeIgniter\Debug\Exceptions->errorHandler(2, 'Undefined variable $sataRow', 'APPPATH\\Controllers\\Home.php', 353)
 2 SYSTEMPATH\CodeIgniter.php(907): App\Controllers\Home->sattaPanel('1')
 3 SYSTEMPATH\CodeIgniter.php(457): CodeIgniter\CodeIgniter->runController(Object(App\Controllers\Home))
 4 SYSTEMPATH\CodeIgniter.php(340): CodeIgniter\CodeIgniter->handleRequest(null, Object(Config\Cache), false)
 5 FCPATH\index.php(67): CodeIgniter\CodeIgniter->run()
CRITICAL - 2022-09-29 18:28:26 --> Undefined variable $sataRow
in APPPATH\Controllers\Home.php on line 353.
 1 APPPATH\Controllers\Home.php(353): CodeIgniter\Debug\Exceptions->errorHandler(2, 'Undefined variable $sataRow', 'APPPATH\\Controllers\\Home.php', 353)
 2 SYSTEMPATH\CodeIgniter.php(907): App\Controllers\Home->sattaPanel('1')
 3 SYSTEMPATH\CodeIgniter.php(457): CodeIgniter\CodeIgniter->runController(Object(App\Controllers\Home))
 4 SYSTEMPATH\CodeIgniter.php(340): CodeIgniter\CodeIgniter->handleRequest(null, Object(Config\Cache), false)
 5 FCPATH\index.php(67): CodeIgniter\CodeIgniter->run()
CRITICAL - 2022-09-29 18:28:26 --> Undefined variable $sataRow
in APPPATH\Controllers\Home.php on line 353.
 1 APPPATH\Controllers\Home.php(353): CodeIgniter\Debug\Exceptions->errorHandler(2, 'Undefined variable $sataRow', 'APPPATH\\Controllers\\Home.php', 353)
 2 SYSTEMPATH\CodeIgniter.php(907): App\Controllers\Home->sattaPanel('1')
 3 SYSTEMPATH\CodeIgniter.php(457): CodeIgniter\CodeIgniter->runController(Object(App\Controllers\Home))
 4 SYSTEMPATH\CodeIgniter.php(340): CodeIgniter\CodeIgniter->handleRequest(null, Object(Config\Cache), false)
 5 FCPATH\index.php(67): CodeIgniter\CodeIgniter->run()
CRITICAL - 2022-09-29 18:28:26 --> Undefined variable $sataRow
in APPPATH\Controllers\Home.php on line 353.
 1 APPPATH\Controllers\Home.php(353): CodeIgniter\Debug\Exceptions->errorHandler(2, 'Undefined variable $sataRow', 'APPPATH\\Controllers\\Home.php', 353)
 2 SYSTEMPATH\CodeIgniter.php(907): App\Controllers\Home->sattaPanel('1')
 3 SYSTEMPATH\CodeIgniter.php(457): CodeIgniter\CodeIgniter->runController(Object(App\Controllers\Home))
 4 SYSTEMPATH\CodeIgniter.php(340): CodeIgniter\CodeIgniter->handleRequest(null, Object(Config\Cache), false)
 5 FCPATH\index.php(67): CodeIgniter\CodeIgniter->run()
CRITICAL - 2022-09-29 18:28:26 --> Undefined variable $sataRow
in APPPATH\Controllers\Home.php on line 353.
 1 APPPATH\Controllers\Home.php(353): CodeIgniter\Debug\Exceptions->errorHandler(2, 'Undefined variable $sataRow', 'APPPATH\\Controllers\\Home.php', 353)
 2 SYSTEMPATH\CodeIgniter.php(907): App\Controllers\Home->sattaPanel('1')
 3 SYSTEMPATH\CodeIgniter.php(457): CodeIgniter\CodeIgniter->runController(Object(App\Controllers\Home))
 4 SYSTEMPATH\CodeIgniter.php(340): CodeIgniter\CodeIgniter->handleRequest(null, Object(Config\Cache), false)
 5 FCPATH\index.php(67): CodeIgniter\CodeIgniter->run()
CRITICAL - 2022-09-29 18:28:38 --> Undefined variable $sataRow
in APPPATH\Controllers\Home.php on line 353.
 1 APPPATH\Controllers\Home.php(353): CodeIgniter\Debug\Exceptions->errorHandler(2, 'Undefined variable $sataRow', 'APPPATH\\Controllers\\Home.php', 353)
 2 SYSTEMPATH\CodeIgniter.php(907): App\Controllers\Home->sattaPanel('1')
 3 SYSTEMPATH\CodeIgniter.php(457): CodeIgniter\CodeIgniter->runController(Object(App\Controllers\Home))
 4 SYSTEMPATH\CodeIgniter.php(340): CodeIgniter\CodeIgniter->handleRequest(null, Object(Config\Cache), false)
 5 FCPATH\index.php(67): CodeIgniter\CodeIgniter->run()
CRITICAL - 2022-09-29 18:28:44 --> Undefined variable $sataRow
in APPPATH\Controllers\Home.php on line 353.
 1 APPPATH\Controllers\Home.php(353): CodeIgniter\Debug\Exceptions->errorHandler(2, 'Undefined variable $sataRow', 'APPPATH\\Controllers\\Home.php', 353)
 2 SYSTEMPATH\CodeIgniter.php(907): App\Controllers\Home->sattaPanel('1')
 3 SYSTEMPATH\CodeIgniter.php(457): CodeIgniter\CodeIgniter->runController(Object(App\Controllers\Home))
 4 SYSTEMPATH\CodeIgniter.php(340): CodeIgniter\CodeIgniter->handleRequest(null, Object(Config\Cache), false)
 5 FCPATH\index.php(67): CodeIgniter\CodeIgniter->run()
CRITICAL - 2022-09-29 18:31:17 --> Undefined variable $viewdata
in APPPATH\Views\head.php on line 7.
 1 APPPATH\Views\head.php(7): CodeIgniter\Debug\Exceptions->errorHandler(2, 'Undefined variable $viewdata', 'APPPATH\\Views\\head.php', 7)
 2 SYSTEMPATH\View\View.php(213): include('APPPATH\\Views\\head.php')
 3 SYSTEMPATH\View\View.php(216): CodeIgniter\View\View->CodeIgniter\View\{closure}()
 4 SYSTEMPATH\View\View.php(229): CodeIgniter\View\View->render('head', [], true)
 5 SYSTEMPATH\Common.php(1142): CodeIgniter\View\View->render('admin', [], true)
 6 APPPATH\Controllers\Home.php(161): view('admin', [...])
 7 SYSTEMPATH\CodeIgniter.php(907): App\Controllers\Home->admin()
 8 SYSTEMPATH\CodeIgniter.php(457): CodeIgniter\CodeIgniter->runController(Object(App\Controllers\Home))
 9 SYSTEMPATH\CodeIgniter.php(340): CodeIgniter\CodeIgniter->handleRequest(null, Object(Config\Cache), false)
10 FCPATH\index.php(67): CodeIgniter\CodeIgniter->run()
CRITICAL - 2022-09-29 18:31:19 --> Undefined variable $viewdata
in APPPATH\Views\head.php on line 7.
 1 APPPATH\Views\head.php(7): CodeIgniter\Debug\Exceptions->errorHandler(2, 'Undefined variable $viewdata', 'APPPATH\\Views\\head.php', 7)
 2 SYSTEMPATH\View\View.php(213): include('APPPATH\\Views\\head.php')
 3 SYSTEMPATH\View\View.php(216): CodeIgniter\View\View->CodeIgniter\View\{closure}()
 4 SYSTEMPATH\View\View.php(229): CodeIgniter\View\View->render('head', [], true)
 5 SYSTEMPATH\Common.php(1142): CodeIgniter\View\View->render('admin', [], true)
 6 APPPATH\Controllers\Home.php(161): view('admin', [...])
 7 SYSTEMPATH\CodeIgniter.php(907): App\Controllers\Home->admin()
 8 SYSTEMPATH\CodeIgniter.php(457): CodeIgniter\CodeIgniter->runController(Object(App\Controllers\Home))
 9 SYSTEMPATH\CodeIgniter.php(340): CodeIgniter\CodeIgniter->handleRequest(null, Object(Config\Cache), false)
10 FCPATH\index.php(67): CodeIgniter\CodeIgniter->run()
CRITICAL - 2022-09-29 18:31:19 --> Undefined variable $viewdata
in APPPATH\Views\head.php on line 7.
 1 APPPATH\Views\head.php(7): CodeIgniter\Debug\Exceptions->errorHandler(2, 'Undefined variable $viewdata', 'APPPATH\\Views\\head.php', 7)
 2 SYSTEMPATH\View\View.php(213): include('APPPATH\\Views\\head.php')
 3 SYSTEMPATH\View\View.php(216): CodeIgniter\View\View->CodeIgniter\View\{closure}()
 4 SYSTEMPATH\View\View.php(229): CodeIgniter\View\View->render('head', [], true)
 5 SYSTEMPATH\Common.php(1142): CodeIgniter\View\View->render('admin', [], true)
 6 APPPATH\Controllers\Home.php(161): view('admin', [...])
 7 SYSTEMPATH\CodeIgniter.php(907): App\Controllers\Home->admin()
 8 SYSTEMPATH\CodeIgniter.php(457): CodeIgniter\CodeIgniter->runController(Object(App\Controllers\Home))
 9 SYSTEMPATH\CodeIgniter.php(340): CodeIgniter\CodeIgniter->handleRequest(null, Object(Config\Cache), false)
10 FCPATH\index.php(67): CodeIgniter\CodeIgniter->run()
CRITICAL - 2022-09-29 18:34:19 --> Undefined variable $viewdata
in APPPATH\Views\head.php on line 10.
 1 APPPATH\Views\head.php(10): CodeIgniter\Debug\Exceptions->errorHandler(2, 'Undefined variable $viewdata', 'APPPATH\\Views\\head.php', 10)
 2 SYSTEMPATH\View\View.php(213): include('APPPATH\\Views\\head.php')
 3 SYSTEMPATH\View\View.php(216): CodeIgniter\View\View->CodeIgniter\View\{closure}()
 4 SYSTEMPATH\View\View.php(229): CodeIgniter\View\View->render('head', [], true)
 5 SYSTEMPATH\Common.php(1142): CodeIgniter\View\View->render('admin', [], true)
 6 APPPATH\Controllers\Home.php(161): view('admin', [...])
 7 SYSTEMPATH\CodeIgniter.php(907): App\Controllers\Home->admin()
 8 SYSTEMPATH\CodeIgniter.php(457): CodeIgniter\CodeIgniter->runController(Object(App\Controllers\Home))
 9 SYSTEMPATH\CodeIgniter.php(340): CodeIgniter\CodeIgniter->handleRequest(null, Object(Config\Cache), false)
10 FCPATH\index.php(67): CodeIgniter\CodeIgniter->run()
CRITICAL - 2022-09-29 18:34:21 --> Undefined variable $viewdata
in APPPATH\Views\head.php on line 10.
 1 APPPATH\Views\head.php(10): CodeIgniter\Debug\Exceptions->errorHandler(2, 'Undefined variable $viewdata', 'APPPATH\\Views\\head.php', 10)
 2 SYSTEMPATH\View\View.php(213): include('APPPATH\\Views\\head.php')
 3 SYSTEMPATH\View\View.php(216): CodeIgniter\View\View->CodeIgniter\View\{closure}()
 4 SYSTEMPATH\View\View.php(229): CodeIgniter\View\View->render('head', [], true)
 5 SYSTEMPATH\Common.php(1142): CodeIgniter\View\View->render('admin', [], true)
 6 APPPATH\Controllers\Home.php(161): view('admin', [...])
 7 SYSTEMPATH\CodeIgniter.php(907): App\Controllers\Home->admin()
 8 SYSTEMPATH\CodeIgniter.php(457): CodeIgniter\CodeIgniter->runController(Object(App\Controllers\Home))
 9 SYSTEMPATH\CodeIgniter.php(340): CodeIgniter\CodeIgniter->handleRequest(null, Object(Config\Cache), false)
10 FCPATH\index.php(67): CodeIgniter\CodeIgniter->run()
CRITICAL - 2022-09-29 18:34:57 --> count(): Argument #1 ($value) must be of type Countable|array, null given
in APPPATH\Views\head.php on line 10.
 1 SYSTEMPATH\View\View.php(213): include()
 2 SYSTEMPATH\View\View.php(216): CodeIgniter\View\View->CodeIgniter\View\{closure}()
 3 SYSTEMPATH\View\View.php(229): CodeIgniter\View\View->render('head', [], true)
 4 SYSTEMPATH\Common.php(1142): CodeIgniter\View\View->render('admin', [], true)
 5 APPPATH\Controllers\Home.php(161): view('admin', [...])
 6 SYSTEMPATH\CodeIgniter.php(907): App\Controllers\Home->admin()
 7 SYSTEMPATH\CodeIgniter.php(457): CodeIgniter\CodeIgniter->runController(Object(App\Controllers\Home))
 8 SYSTEMPATH\CodeIgniter.php(340): CodeIgniter\CodeIgniter->handleRequest(null, Object(Config\Cache), false)
 9 FCPATH\index.php(67): CodeIgniter\CodeIgniter->run()
CRITICAL - 2022-09-29 18:34:58 --> count(): Argument #1 ($value) must be of type Countable|array, null given
in APPPATH\Views\head.php on line 10.
 1 SYSTEMPATH\View\View.php(213): include()
 2 SYSTEMPATH\View\View.php(216): CodeIgniter\View\View->CodeIgniter\View\{closure}()
 3 SYSTEMPATH\View\View.php(229): CodeIgniter\View\View->render('head', [], true)
 4 SYSTEMPATH\Common.php(1142): CodeIgniter\View\View->render('admin', [], true)
 5 APPPATH\Controllers\Home.php(161): view('admin', [...])
 6 SYSTEMPATH\CodeIgniter.php(907): App\Controllers\Home->admin()
 7 SYSTEMPATH\CodeIgniter.php(457): CodeIgniter\CodeIgniter->runController(Object(App\Controllers\Home))
 8 SYSTEMPATH\CodeIgniter.php(340): CodeIgniter\CodeIgniter->handleRequest(null, Object(Config\Cache), false)
 9 FCPATH\index.php(67): CodeIgniter\CodeIgniter->run()
CRITICAL - 2022-09-29 18:34:58 --> count(): Argument #1 ($value) must be of type Countable|array, null given
in APPPATH\Views\head.php on line 10.
 1 SYSTEMPATH\View\View.php(213): include()
 2 SYSTEMPATH\View\View.php(216): CodeIgniter\View\View->CodeIgniter\View\{closure}()
 3 SYSTEMPATH\View\View.php(229): CodeIgniter\View\View->render('head', [], true)
 4 SYSTEMPATH\Common.php(1142): CodeIgniter\View\View->render('admin', [], true)
 5 APPPATH\Controllers\Home.php(161): view('admin', [...])
 6 SYSTEMPATH\CodeIgniter.php(907): App\Controllers\Home->admin()
 7 SYSTEMPATH\CodeIgniter.php(457): CodeIgniter\CodeIgniter->runController(Object(App\Controllers\Home))
 8 SYSTEMPATH\CodeIgniter.php(340): CodeIgniter\CodeIgniter->handleRequest(null, Object(Config\Cache), false)
 9 FCPATH\index.php(67): CodeIgniter\CodeIgniter->run()
CRITICAL - 2022-09-29 18:34:58 --> count(): Argument #1 ($value) must be of type Countable|array, null given
in APPPATH\Views\head.php on line 10.
 1 SYSTEMPATH\View\View.php(213): include()
 2 SYSTEMPATH\View\View.php(216): CodeIgniter\View\View->CodeIgniter\View\{closure}()
 3 SYSTEMPATH\View\View.php(229): CodeIgniter\View\View->render('head', [], true)
 4 SYSTEMPATH\Common.php(1142): CodeIgniter\View\View->render('admin', [], true)
 5 APPPATH\Controllers\Home.php(161): view('admin', [...])
 6 SYSTEMPATH\CodeIgniter.php(907): App\Controllers\Home->admin()
 7 SYSTEMPATH\CodeIgniter.php(457): CodeIgniter\CodeIgniter->runController(Object(App\Controllers\Home))
 8 SYSTEMPATH\CodeIgniter.php(340): CodeIgniter\CodeIgniter->handleRequest(null, Object(Config\Cache), false)
 9 FCPATH\index.php(67): CodeIgniter\CodeIgniter->run()
CRITICAL - 2022-09-29 18:35:00 --> count(): Argument #1 ($value) must be of type Countable|array, null given
in APPPATH\Views\head.php on line 10.
 1 SYSTEMPATH\View\View.php(213): include()
 2 SYSTEMPATH\View\View.php(216): CodeIgniter\View\View->CodeIgniter\View\{closure}()
 3 SYSTEMPATH\View\View.php(229): CodeIgniter\View\View->render('head', [], true)
 4 SYSTEMPATH\Common.php(1142): CodeIgniter\View\View->render('admin', [], true)
 5 APPPATH\Controllers\Home.php(161): view('admin', [...])
 6 SYSTEMPATH\CodeIgniter.php(907): App\Controllers\Home->admin()
 7 SYSTEMPATH\CodeIgniter.php(457): CodeIgniter\CodeIgniter->runController(Object(App\Controllers\Home))
 8 SYSTEMPATH\CodeIgniter.php(340): CodeIgniter\CodeIgniter->handleRequest(null, Object(Config\Cache), false)
 9 FCPATH\index.php(67): CodeIgniter\CodeIgniter->run()
CRITICAL - 2022-09-29 18:35:00 --> count(): Argument #1 ($value) must be of type Countable|array, null given
in APPPATH\Views\head.php on line 10.
 1 SYSTEMPATH\View\View.php(213): include()
 2 SYSTEMPATH\View\View.php(216): CodeIgniter\View\View->CodeIgniter\View\{closure}()
 3 SYSTEMPATH\View\View.php(229): CodeIgniter\View\View->render('head', [], true)
 4 SYSTEMPATH\Common.php(1142): CodeIgniter\View\View->render('admin', [], true)
 5 APPPATH\Controllers\Home.php(161): view('admin', [...])
 6 SYSTEMPATH\CodeIgniter.php(907): App\Controllers\Home->admin()
 7 SYSTEMPATH\CodeIgniter.php(457): CodeIgniter\CodeIgniter->runController(Object(App\Controllers\Home))
 8 SYSTEMPATH\CodeIgniter.php(340): CodeIgniter\CodeIgniter->handleRequest(null, Object(Config\Cache), false)
 9 FCPATH\index.php(67): CodeIgniter\CodeIgniter->run()
CRITICAL - 2022-09-29 18:35:01 --> count(): Argument #1 ($value) must be of type Countable|array, null given
in APPPATH\Views\head.php on line 10.
 1 SYSTEMPATH\View\View.php(213): include()
 2 SYSTEMPATH\View\View.php(216): CodeIgniter\View\View->CodeIgniter\View\{closure}()
 3 SYSTEMPATH\View\View.php(229): CodeIgniter\View\View->render('head', [], true)
 4 SYSTEMPATH\Common.php(1142): CodeIgniter\View\View->render('admin', [], true)
 5 APPPATH\Controllers\Home.php(161): view('admin', [...])
 6 SYSTEMPATH\CodeIgniter.php(907): App\Controllers\Home->admin()
 7 SYSTEMPATH\CodeIgniter.php(457): CodeIgniter\CodeIgniter->runController(Object(App\Controllers\Home))
 8 SYSTEMPATH\CodeIgniter.php(340): CodeIgniter\CodeIgniter->handleRequest(null, Object(Config\Cache), false)
 9 FCPATH\index.php(67): CodeIgniter\CodeIgniter->run()
CRITICAL - 2022-09-29 18:35:01 --> count(): Argument #1 ($value) must be of type Countable|array, null given
in APPPATH\Views\head.php on line 10.
 1 SYSTEMPATH\View\View.php(213): include()
 2 SYSTEMPATH\View\View.php(216): CodeIgniter\View\View->CodeIgniter\View\{closure}()
 3 SYSTEMPATH\View\View.php(229): CodeIgniter\View\View->render('head', [], true)
 4 SYSTEMPATH\Common.php(1142): CodeIgniter\View\View->render('admin', [], true)
 5 APPPATH\Controllers\Home.php(161): view('admin', [...])
 6 SYSTEMPATH\CodeIgniter.php(907): App\Controllers\Home->admin()
 7 SYSTEMPATH\CodeIgniter.php(457): CodeIgniter\CodeIgniter->runController(Object(App\Controllers\Home))
 8 SYSTEMPATH\CodeIgniter.php(340): CodeIgniter\CodeIgniter->handleRequest(null, Object(Config\Cache), false)
 9 FCPATH\index.php(67): CodeIgniter\CodeIgniter->run()
CRITICAL - 2022-09-29 18:36:37 --> Undefined variable $viewdata
in APPPATH\Views\head.php on line 10.
 1 APPPATH\Views\head.php(10): CodeIgniter\Debug\Exceptions->errorHandler(2, 'Undefined variable $viewdata', 'APPPATH\\Views\\head.php', 10)
 2 SYSTEMPATH\View\View.php(213): include('APPPATH\\Views\\head.php')
 3 SYSTEMPATH\View\View.php(216): CodeIgniter\View\View->CodeIgniter\View\{closure}()
 4 SYSTEMPATH\View\View.php(229): CodeIgniter\View\View->render('head', [], true)
 5 SYSTEMPATH\Common.php(1142): CodeIgniter\View\View->render('admin', [], true)
 6 APPPATH\Controllers\Home.php(161): view('admin', [...])
 7 SYSTEMPATH\CodeIgniter.php(907): App\Controllers\Home->admin()
 8 SYSTEMPATH\CodeIgniter.php(457): CodeIgniter\CodeIgniter->runController(Object(App\Controllers\Home))
 9 SYSTEMPATH\CodeIgniter.php(340): CodeIgniter\CodeIgniter->handleRequest(null, Object(Config\Cache), false)
10 FCPATH\index.php(67): CodeIgniter\CodeIgniter->run()
CRITICAL - 2022-09-29 18:36:39 --> Undefined variable $viewdata
in APPPATH\Views\head.php on line 10.
 1 APPPATH\Views\head.php(10): CodeIgniter\Debug\Exceptions->errorHandler(2, 'Undefined variable $viewdata', 'APPPATH\\Views\\head.php', 10)
 2 SYSTEMPATH\View\View.php(213): include('APPPATH\\Views\\head.php')
 3 SYSTEMPATH\View\View.php(216): CodeIgniter\View\View->CodeIgniter\View\{closure}()
 4 SYSTEMPATH\View\View.php(229): CodeIgniter\View\View->render('head', [], true)
 5 SYSTEMPATH\Common.php(1142): CodeIgniter\View\View->render('admin', [], true)
 6 APPPATH\Controllers\Home.php(161): view('admin', [...])
 7 SYSTEMPATH\CodeIgniter.php(907): App\Controllers\Home->admin()
 8 SYSTEMPATH\CodeIgniter.php(457): CodeIgniter\CodeIgniter->runController(Object(App\Controllers\Home))
 9 SYSTEMPATH\CodeIgniter.php(340): CodeIgniter\CodeIgniter->handleRequest(null, Object(Config\Cache), false)
10 FCPATH\index.php(67): CodeIgniter\CodeIgniter->run()
CRITICAL - 2022-09-29 18:36:39 --> Undefined variable $viewdata
in APPPATH\Views\head.php on line 10.
 1 APPPATH\Views\head.php(10): CodeIgniter\Debug\Exceptions->errorHandler(2, 'Undefined variable $viewdata', 'APPPATH\\Views\\head.php', 10)
 2 SYSTEMPATH\View\View.php(213): include('APPPATH\\Views\\head.php')
 3 SYSTEMPATH\View\View.php(216): CodeIgniter\View\View->CodeIgniter\View\{closure}()
 4 SYSTEMPATH\View\View.php(229): CodeIgniter\View\View->render('head', [], true)
 5 SYSTEMPATH\Common.php(1142): CodeIgniter\View\View->render('admin', [], true)
 6 APPPATH\Controllers\Home.php(161): view('admin', [...])
 7 SYSTEMPATH\CodeIgniter.php(907): App\Controllers\Home->admin()
 8 SYSTEMPATH\CodeIgniter.php(457): CodeIgniter\CodeIgniter->runController(Object(App\Controllers\Home))
 9 SYSTEMPATH\CodeIgniter.php(340): CodeIgniter\CodeIgniter->handleRequest(null, Object(Config\Cache), false)
10 FCPATH\index.php(67): CodeIgniter\CodeIgniter->run()
CRITICAL - 2022-09-29 18:36:39 --> Undefined variable $viewdata
in APPPATH\Views\head.php on line 10.
 1 APPPATH\Views\head.php(10): CodeIgniter\Debug\Exceptions->errorHandler(2, 'Undefined variable $viewdata', 'APPPATH\\Views\\head.php', 10)
 2 SYSTEMPATH\View\View.php(213): include('APPPATH\\Views\\head.php')
 3 SYSTEMPATH\View\View.php(216): CodeIgniter\View\View->CodeIgniter\View\{closure}()
 4 SYSTEMPATH\View\View.php(229): CodeIgniter\View\View->render('head', [], true)
 5 SYSTEMPATH\Common.php(1142): CodeIgniter\View\View->render('admin', [], true)
 6 APPPATH\Controllers\Home.php(161): view('admin', [...])
 7 SYSTEMPATH\CodeIgniter.php(907): App\Controllers\Home->admin()
 8 SYSTEMPATH\CodeIgniter.php(457): CodeIgniter\CodeIgniter->runController(Object(App\Controllers\Home))
 9 SYSTEMPATH\CodeIgniter.php(340): CodeIgniter\CodeIgniter->handleRequest(null, Object(Config\Cache), false)
10 FCPATH\index.php(67): CodeIgniter\CodeIgniter->run()
CRITICAL - 2022-09-29 18:37:02 --> Undefined variable $viewdata
in APPPATH\Views\head.php on line 10.
 1 APPPATH\Views\head.php(10): CodeIgniter\Debug\Exceptions->errorHandler(2, 'Undefined variable $viewdata', 'APPPATH\\Views\\head.php', 10)
 2 SYSTEMPATH\View\View.php(213): include('APPPATH\\Views\\head.php')
 3 SYSTEMPATH\View\View.php(216): CodeIgniter\View\View->CodeIgniter\View\{closure}()
 4 SYSTEMPATH\View\View.php(229): CodeIgniter\View\View->render('head', [], true)
 5 SYSTEMPATH\Common.php(1142): CodeIgniter\View\View->render('admin', [], true)
 6 APPPATH\Controllers\Home.php(161): view('admin', [...])
 7 SYSTEMPATH\CodeIgniter.php(907): App\Controllers\Home->admin()
 8 SYSTEMPATH\CodeIgniter.php(457): CodeIgniter\CodeIgniter->runController(Object(App\Controllers\Home))
 9 SYSTEMPATH\CodeIgniter.php(340): CodeIgniter\CodeIgniter->handleRequest(null, Object(Config\Cache), false)
10 FCPATH\index.php(67): CodeIgniter\CodeIgniter->run()
CRITICAL - 2022-09-29 18:37:03 --> Undefined variable $viewdata
in APPPATH\Views\head.php on line 10.
 1 APPPATH\Views\head.php(10): CodeIgniter\Debug\Exceptions->errorHandler(2, 'Undefined variable $viewdata', 'APPPATH\\Views\\head.php', 10)
 2 SYSTEMPATH\View\View.php(213): include('APPPATH\\Views\\head.php')
 3 SYSTEMPATH\View\View.php(216): CodeIgniter\View\View->CodeIgniter\View\{closure}()
 4 SYSTEMPATH\View\View.php(229): CodeIgniter\View\View->render('head', [], true)
 5 SYSTEMPATH\Common.php(1142): CodeIgniter\View\View->render('admin', [], true)
 6 APPPATH\Controllers\Home.php(161): view('admin', [...])
 7 SYSTEMPATH\CodeIgniter.php(907): App\Controllers\Home->admin()
 8 SYSTEMPATH\CodeIgniter.php(457): CodeIgniter\CodeIgniter->runController(Object(App\Controllers\Home))
 9 SYSTEMPATH\CodeIgniter.php(340): CodeIgniter\CodeIgniter->handleRequest(null, Object(Config\Cache), false)
10 FCPATH\index.php(67): CodeIgniter\CodeIgniter->run()
CRITICAL - 2022-09-29 18:37:03 --> Undefined variable $viewdata
in APPPATH\Views\head.php on line 10.
 1 APPPATH\Views\head.php(10): CodeIgniter\Debug\Exceptions->errorHandler(2, 'Undefined variable $viewdata', 'APPPATH\\Views\\head.php', 10)
 2 SYSTEMPATH\View\View.php(213): include('APPPATH\\Views\\head.php')
 3 SYSTEMPATH\View\View.php(216): CodeIgniter\View\View->CodeIgniter\View\{closure}()
 4 SYSTEMPATH\View\View.php(229): CodeIgniter\View\View->render('head', [], true)
 5 SYSTEMPATH\Common.php(1142): CodeIgniter\View\View->render('admin', [], true)
 6 APPPATH\Controllers\Home.php(161): view('admin', [...])
 7 SYSTEMPATH\CodeIgniter.php(907): App\Controllers\Home->admin()
 8 SYSTEMPATH\CodeIgniter.php(457): CodeIgniter\CodeIgniter->runController(Object(App\Controllers\Home))
 9 SYSTEMPATH\CodeIgniter.php(340): CodeIgniter\CodeIgniter->handleRequest(null, Object(Config\Cache), false)
10 FCPATH\index.php(67): CodeIgniter\CodeIgniter->run()
CRITICAL - 2022-09-29 18:38:42 --> Undefined variable $viewdata
in APPPATH\Views\head.php on line 12.
 1 APPPATH\Views\head.php(12): CodeIgniter\Debug\Exceptions->errorHandler(2, 'Undefined variable $viewdata', 'APPPATH\\Views\\head.php', 12)
 2 SYSTEMPATH\View\View.php(213): include('APPPATH\\Views\\head.php')
 3 SYSTEMPATH\View\View.php(216): CodeIgniter\View\View->CodeIgniter\View\{closure}()
 4 SYSTEMPATH\View\View.php(229): CodeIgniter\View\View->render('head', [], true)
 5 SYSTEMPATH\Common.php(1142): CodeIgniter\View\View->render('admin', [], true)
 6 APPPATH\Controllers\Home.php(161): view('admin', [...])
 7 SYSTEMPATH\CodeIgniter.php(907): App\Controllers\Home->admin()
 8 SYSTEMPATH\CodeIgniter.php(457): CodeIgniter\CodeIgniter->runController(Object(App\Controllers\Home))
 9 SYSTEMPATH\CodeIgniter.php(340): CodeIgniter\CodeIgniter->handleRequest(null, Object(Config\Cache), false)
10 FCPATH\index.php(67): CodeIgniter\CodeIgniter->run()
CRITICAL - 2022-09-29 18:38:42 --> Undefined variable $viewdata
in APPPATH\Views\head.php on line 12.
 1 APPPATH\Views\head.php(12): CodeIgniter\Debug\Exceptions->errorHandler(2, 'Undefined variable $viewdata', 'APPPATH\\Views\\head.php', 12)
 2 SYSTEMPATH\View\View.php(213): include('APPPATH\\Views\\head.php')
 3 SYSTEMPATH\View\View.php(216): CodeIgniter\View\View->CodeIgniter\View\{closure}()
 4 SYSTEMPATH\View\View.php(229): CodeIgniter\View\View->render('head', [], true)
 5 SYSTEMPATH\Common.php(1142): CodeIgniter\View\View->render('admin', [], true)
 6 APPPATH\Controllers\Home.php(161): view('admin', [...])
 7 SYSTEMPATH\CodeIgniter.php(907): App\Controllers\Home->admin()
 8 SYSTEMPATH\CodeIgniter.php(457): CodeIgniter\CodeIgniter->runController(Object(App\Controllers\Home))
 9 SYSTEMPATH\CodeIgniter.php(340): CodeIgniter\CodeIgniter->handleRequest(null, Object(Config\Cache), false)
10 FCPATH\index.php(67): CodeIgniter\CodeIgniter->run()
CRITICAL - 2022-09-29 18:38:43 --> Undefined variable $viewdata
in APPPATH\Views\head.php on line 12.
 1 APPPATH\Views\head.php(12): CodeIgniter\Debug\Exceptions->errorHandler(2, 'Undefined variable $viewdata', 'APPPATH\\Views\\head.php', 12)
 2 SYSTEMPATH\View\View.php(213): include('APPPATH\\Views\\head.php')
 3 SYSTEMPATH\View\View.php(216): CodeIgniter\View\View->CodeIgniter\View\{closure}()
 4 SYSTEMPATH\View\View.php(229): CodeIgniter\View\View->render('head', [], true)
 5 SYSTEMPATH\Common.php(1142): CodeIgniter\View\View->render('admin', [], true)
 6 APPPATH\Controllers\Home.php(161): view('admin', [...])
 7 SYSTEMPATH\CodeIgniter.php(907): App\Controllers\Home->admin()
 8 SYSTEMPATH\CodeIgniter.php(457): CodeIgniter\CodeIgniter->runController(Object(App\Controllers\Home))
 9 SYSTEMPATH\CodeIgniter.php(340): CodeIgniter\CodeIgniter->handleRequest(null, Object(Config\Cache), false)
10 FCPATH\index.php(67): CodeIgniter\CodeIgniter->run()
CRITICAL - 2022-09-29 18:38:43 --> Undefined variable $viewdata
in APPPATH\Views\head.php on line 12.
 1 APPPATH\Views\head.php(12): CodeIgniter\Debug\Exceptions->errorHandler(2, 'Undefined variable $viewdata', 'APPPATH\\Views\\head.php', 12)
 2 SYSTEMPATH\View\View.php(213): include('APPPATH\\Views\\head.php')
 3 SYSTEMPATH\View\View.php(216): CodeIgniter\View\View->CodeIgniter\View\{closure}()
 4 SYSTEMPATH\View\View.php(229): CodeIgniter\View\View->render('head', [], true)
 5 SYSTEMPATH\Common.php(1142): CodeIgniter\View\View->render('admin', [], true)
 6 APPPATH\Controllers\Home.php(161): view('admin', [...])
 7 SYSTEMPATH\CodeIgniter.php(907): App\Controllers\Home->admin()
 8 SYSTEMPATH\CodeIgniter.php(457): CodeIgniter\CodeIgniter->runController(Object(App\Controllers\Home))
 9 SYSTEMPATH\CodeIgniter.php(340): CodeIgniter\CodeIgniter->handleRequest(null, Object(Config\Cache), false)
10 FCPATH\index.php(67): CodeIgniter\CodeIgniter->run()
CRITICAL - 2022-09-29 18:38:43 --> Undefined variable $viewdata
in APPPATH\Views\head.php on line 12.
 1 APPPATH\Views\head.php(12): CodeIgniter\Debug\Exceptions->errorHandler(2, 'Undefined variable $viewdata', 'APPPATH\\Views\\head.php', 12)
 2 SYSTEMPATH\View\View.php(213): include('APPPATH\\Views\\head.php')
 3 SYSTEMPATH\View\View.php(216): CodeIgniter\View\View->CodeIgniter\View\{closure}()
 4 SYSTEMPATH\View\View.php(229): CodeIgniter\View\View->render('head', [], true)
 5 SYSTEMPATH\Common.php(1142): CodeIgniter\View\View->render('admin', [], true)
 6 APPPATH\Controllers\Home.php(161): view('admin', [...])
 7 SYSTEMPATH\CodeIgniter.php(907): App\Controllers\Home->admin()
 8 SYSTEMPATH\CodeIgniter.php(457): CodeIgniter\CodeIgniter->runController(Object(App\Controllers\Home))
 9 SYSTEMPATH\CodeIgniter.php(340): CodeIgniter\CodeIgniter->handleRequest(null, Object(Config\Cache), false)
10 FCPATH\index.php(67): CodeIgniter\CodeIgniter->run()
CRITICAL - 2022-09-29 18:38:44 --> Undefined variable $viewdata
in APPPATH\Views\head.php on line 12.
 1 APPPATH\Views\head.php(12): CodeIgniter\Debug\Exceptions->errorHandler(2, 'Undefined variable $viewdata', 'APPPATH\\Views\\head.php', 12)
 2 SYSTEMPATH\View\View.php(213): include('APPPATH\\Views\\head.php')
 3 SYSTEMPATH\View\View.php(216): CodeIgniter\View\View->CodeIgniter\View\{closure}()
 4 SYSTEMPATH\View\View.php(229): CodeIgniter\View\View->render('head', [], true)
 5 SYSTEMPATH\Common.php(1142): CodeIgniter\View\View->render('admin', [], true)
 6 APPPATH\Controllers\Home.php(161): view('admin', [...])
 7 SYSTEMPATH\CodeIgniter.php(907): App\Controllers\Home->admin()
 8 SYSTEMPATH\CodeIgniter.php(457): CodeIgniter\CodeIgniter->runController(Object(App\Controllers\Home))
 9 SYSTEMPATH\CodeIgniter.php(340): CodeIgniter\CodeIgniter->handleRequest(null, Object(Config\Cache), false)
10 FCPATH\index.php(67): CodeIgniter\CodeIgniter->run()
CRITICAL - 2022-09-29 18:38:44 --> Undefined variable $viewdata
in APPPATH\Views\head.php on line 12.
 1 APPPATH\Views\head.php(12): CodeIgniter\Debug\Exceptions->errorHandler(2, 'Undefined variable $viewdata', 'APPPATH\\Views\\head.php', 12)
 2 SYSTEMPATH\View\View.php(213): include('APPPATH\\Views\\head.php')
 3 SYSTEMPATH\View\View.php(216): CodeIgniter\View\View->CodeIgniter\View\{closure}()
 4 SYSTEMPATH\View\View.php(229): CodeIgniter\View\View->render('head', [], true)
 5 SYSTEMPATH\Common.php(1142): CodeIgniter\View\View->render('admin', [], true)
 6 APPPATH\Controllers\Home.php(161): view('admin', [...])
 7 SYSTEMPATH\CodeIgniter.php(907): App\Controllers\Home->admin()
 8 SYSTEMPATH\CodeIgniter.php(457): CodeIgniter\CodeIgniter->runController(Object(App\Controllers\Home))
 9 SYSTEMPATH\CodeIgniter.php(340): CodeIgniter\CodeIgniter->handleRequest(null, Object(Config\Cache), false)
10 FCPATH\index.php(67): CodeIgniter\CodeIgniter->run()
