CRITICAL - 2022-09-18 00:02:56 --> Undefined array key 3
in APPPATH\Views\satta_panel.php on line 52.
 1 APPPATH\Views\satta_panel.php(52): CodeIgniter\Debug\Exceptions->errorHandler(2, 'Undefined array key 3', 'APPPATH\\Views\\satta_panel.php', 52)
 2 SYSTEMPATH\View\View.php(213): include('APPPATH\\Views\\satta_panel.php')
 3 SYSTEMPATH\View\View.php(216): CodeIgniter\View\View->CodeIgniter\View\{closure}()
 4 SYSTEMPATH\Common.php(1142): CodeIgniter\View\View->render('satta_panel', [], true)
 5 APPPATH\Controllers\Home.php(284): view('satta_panel', [...])
 6 SYSTEMPATH\CodeIgniter.php(907): App\Controllers\Home->sattaPanel('1')
 7 SYSTEMPATH\CodeIgniter.php(457): CodeIgniter\CodeIgniter->runController(Object(App\Controllers\Home))
 8 SYSTEMPATH\CodeIgniter.php(340): CodeIgniter\CodeIgniter->handleRequest(null, Object(Config\Cache), false)
 9 FCPATH\index.php(67): CodeIgniter\CodeIgniter->run()
CRITICAL - 2022-09-18 11:49:41 --> Class "date" not found
in APPPATH\Views\satta_panel.php on line 58.
 1 SYSTEMPATH\View\View.php(213): include()
 2 SYSTEMPATH\View\View.php(216): CodeIgniter\View\View->CodeIgniter\View\{closure}()
 3 SYSTEMPATH\Common.php(1142): CodeIgniter\View\View->render('satta_panel', [], true)
 4 APPPATH\Controllers\Home.php(284): view('satta_panel', [...])
 5 SYSTEMPATH\CodeIgniter.php(907): App\Controllers\Home->sattaPanel('2')
 6 SYSTEMPATH\CodeIgniter.php(457): CodeIgniter\CodeIgniter->runController(Object(App\Controllers\Home))
 7 SYSTEMPATH\CodeIgniter.php(340): CodeIgniter\CodeIgniter->handleRequest(null, Object(Config\Cache), false)
 8 FCPATH\index.php(67): CodeIgniter\CodeIgniter->run()
CRITICAL - 2022-09-18 11:49:51 --> Class "Date" not found
in APPPATH\Views\satta_panel.php on line 58.
 1 SYSTEMPATH\View\View.php(213): include()
 2 SYSTEMPATH\View\View.php(216): CodeIgniter\View\View->CodeIgniter\View\{closure}()
 3 SYSTEMPATH\Common.php(1142): CodeIgniter\View\View->render('satta_panel', [], true)
 4 APPPATH\Controllers\Home.php(284): view('satta_panel', [...])
 5 SYSTEMPATH\CodeIgniter.php(907): App\Controllers\Home->sattaPanel('2')
 6 SYSTEMPATH\CodeIgniter.php(457): CodeIgniter\CodeIgniter->runController(Object(App\Controllers\Home))
 7 SYSTEMPATH\CodeIgniter.php(340): CodeIgniter\CodeIgniter->handleRequest(null, Object(Config\Cache), false)
 8 FCPATH\index.php(67): CodeIgniter\CodeIgniter->run()
CRITICAL - 2022-09-18 11:50:00 --> Object of class DateTime could not be converted to string
in APPPATH\Views\satta_panel.php on line 59.
 1 SYSTEMPATH\View\View.php(213): include()
 2 SYSTEMPATH\View\View.php(216): CodeIgniter\View\View->CodeIgniter\View\{closure}()
 3 SYSTEMPATH\Common.php(1142): CodeIgniter\View\View->render('satta_panel', [], true)
 4 APPPATH\Controllers\Home.php(284): view('satta_panel', [...])
 5 SYSTEMPATH\CodeIgniter.php(907): App\Controllers\Home->sattaPanel('2')
 6 SYSTEMPATH\CodeIgniter.php(457): CodeIgniter\CodeIgniter->runController(Object(App\Controllers\Home))
 7 SYSTEMPATH\CodeIgniter.php(340): CodeIgniter\CodeIgniter->handleRequest(null, Object(Config\Cache), false)
 8 FCPATH\index.php(67): CodeIgniter\CodeIgniter->run()
CRITICAL - 2022-09-18 11:50:01 --> Object of class DateTime could not be converted to string
in APPPATH\Views\satta_panel.php on line 59.
 1 SYSTEMPATH\View\View.php(213): include()
 2 SYSTEMPATH\View\View.php(216): CodeIgniter\View\View->CodeIgniter\View\{closure}()
 3 SYSTEMPATH\Common.php(1142): CodeIgniter\View\View->render('satta_panel', [], true)
 4 APPPATH\Controllers\Home.php(284): view('satta_panel', [...])
 5 SYSTEMPATH\CodeIgniter.php(907): App\Controllers\Home->sattaPanel('2')
 6 SYSTEMPATH\CodeIgniter.php(457): CodeIgniter\CodeIgniter->runController(Object(App\Controllers\Home))
 7 SYSTEMPATH\CodeIgniter.php(340): CodeIgniter\CodeIgniter->handleRequest(null, Object(Config\Cache), false)
 8 FCPATH\index.php(67): CodeIgniter\CodeIgniter->run()
CRITICAL - 2022-09-18 18:00:43 --> Array to string conversion
in APPPATH\Controllers\Home.php on line 337.
 1 APPPATH\Controllers\Home.php(337): CodeIgniter\Debug\Exceptions->errorHandler(2, 'Array to string conversion', 'APPPATH\\Controllers\\Home.php', 337)
 2 SYSTEMPATH\CodeIgniter.php(907): App\Controllers\Home->test()
 3 SYSTEMPATH\CodeIgniter.php(457): CodeIgniter\CodeIgniter->runController(Object(App\Controllers\Home))
 4 SYSTEMPATH\CodeIgniter.php(340): CodeIgniter\CodeIgniter->handleRequest(null, Object(Config\Cache), false)
 5 FCPATH\index.php(67): CodeIgniter\CodeIgniter->run()
CRITICAL - 2022-09-18 18:25:19 --> array_push(): Argument #1 ($array) must be of type array, null given
in APPPATH\Views\satta_panel.php on line 70.
 1 APPPATH\Views\satta_panel.php(70): array_push(null, '2022-09-19', '77777778')
 2 SYSTEMPATH\View\View.php(213): include('APPPATH\\Views\\satta_panel.php')
 3 SYSTEMPATH\View\View.php(216): CodeIgniter\View\View->CodeIgniter\View\{closure}()
 4 SYSTEMPATH\Common.php(1142): CodeIgniter\View\View->render('satta_panel', [], true)
 5 APPPATH\Controllers\Home.php(284): view('satta_panel', [...])
 6 SYSTEMPATH\CodeIgniter.php(907): App\Controllers\Home->sattaPanel('2')
 7 SYSTEMPATH\CodeIgniter.php(457): CodeIgniter\CodeIgniter->runController(Object(App\Controllers\Home))
 8 SYSTEMPATH\CodeIgniter.php(340): CodeIgniter\CodeIgniter->handleRequest(null, Object(Config\Cache), false)
 9 FCPATH\index.php(67): CodeIgniter\CodeIgniter->run()
CRITICAL - 2022-09-18 18:44:18 --> array_push(): Argument #1 ($array) must be of type array, null given
in APPPATH\Views\satta_panel.php on line 71.
 1 APPPATH\Views\satta_panel.php(71): array_push(null, '2022-09-19', '2022-09-25')
 2 SYSTEMPATH\View\View.php(213): include('APPPATH\\Views\\satta_panel.php')
 3 SYSTEMPATH\View\View.php(216): CodeIgniter\View\View->CodeIgniter\View\{closure}()
 4 SYSTEMPATH\Common.php(1142): CodeIgniter\View\View->render('satta_panel', [], true)
 5 APPPATH\Controllers\Home.php(284): view('satta_panel', [...])
 6 SYSTEMPATH\CodeIgniter.php(907): App\Controllers\Home->sattaPanel('2')
 7 SYSTEMPATH\CodeIgniter.php(457): CodeIgniter\CodeIgniter->runController(Object(App\Controllers\Home))
 8 SYSTEMPATH\CodeIgniter.php(340): CodeIgniter\CodeIgniter->handleRequest(null, Object(Config\Cache), false)
 9 FCPATH\index.php(67): CodeIgniter\CodeIgniter->run()
