CRITICAL - 2022-09-17 09:32:23 --> Invalid file: satta_panel.php
in SYSTEMPATH\Exceptions\FrameworkException.php on line 33.
 1 SYSTEMPATH\View\View.php(201): CodeIgniter\Exceptions\FrameworkException::forInvalidFile('satta_panel.php')
 2 SYSTEMPATH\Common.php(1142): CodeIgniter\View\View->render('satta_panel', [], true)
 3 APPPATH\Controllers\Home.php(269): view('satta_panel')
 4 SYSTEMPATH\CodeIgniter.php(907): App\Controllers\Home->sattaPanel('1')
 5 SYSTEMPATH\CodeIgniter.php(457): CodeIgniter\CodeIgniter->runController(Object(App\Controllers\Home))
 6 SYSTEMPATH\CodeIgniter.php(340): CodeIgniter\CodeIgniter->handleRequest(null, Object(Config\Cache), false)
 7 FCPATH\index.php(67): CodeIgniter\CodeIgniter->run()
CRITICAL - 2022-09-17 09:38:07 --> Undefined variable $rowPanel
in APPPATH\Controllers\Home.php on line 281.
 1 APPPATH\Controllers\Home.php(281): CodeIgniter\Debug\Exceptions->errorHandler(2, 'Undefined variable $rowPanel', 'APPPATH\\Controllers\\Home.php', 281)
 2 SYSTEMPATH\CodeIgniter.php(907): App\Controllers\Home->sattaPanel('1')
 3 SYSTEMPATH\CodeIgniter.php(457): CodeIgniter\CodeIgniter->runController(Object(App\Controllers\Home))
 4 SYSTEMPATH\CodeIgniter.php(340): CodeIgniter\CodeIgniter->handleRequest(null, Object(Config\Cache), false)
 5 FCPATH\index.php(67): CodeIgniter\CodeIgniter->run()
CRITICAL - 2022-09-17 10:08:05 --> Undefined variable $rowPanel
in APPPATH\Controllers\Home.php on line 284.
 1 APPPATH\Controllers\Home.php(284): CodeIgniter\Debug\Exceptions->errorHandler(2, 'Undefined variable $rowPanel', 'APPPATH\\Controllers\\Home.php', 284)
 2 SYSTEMPATH\CodeIgniter.php(907): App\Controllers\Home->sattaPanel('1')
 3 SYSTEMPATH\CodeIgniter.php(457): CodeIgniter\CodeIgniter->runController(Object(App\Controllers\Home))
 4 SYSTEMPATH\CodeIgniter.php(340): CodeIgniter\CodeIgniter->handleRequest(null, Object(Config\Cache), false)
 5 FCPATH\index.php(67): CodeIgniter\CodeIgniter->run()
CRITICAL - 2022-09-17 10:42:50 --> Too few arguments to function findPreviouMonDate(), 0 passed in C:\xampp\htdocs\satabazar\app\Views\satta_panel.php on line 47 and exactly 1 expected
in APPPATH\Helpers\SmallFunctions_helper.php on line 20.
 1 APPPATH\Views\satta_panel.php(47): findPreviouMonDate()
 2 SYSTEMPATH\View\View.php(213): include('APPPATH\\Views\\satta_panel.php')
 3 SYSTEMPATH\View\View.php(216): CodeIgniter\View\View->CodeIgniter\View\{closure}()
 4 SYSTEMPATH\Common.php(1142): CodeIgniter\View\View->render('satta_panel', [], true)
 5 APPPATH\Controllers\Home.php(284): view('satta_panel', [...])
 6 SYSTEMPATH\CodeIgniter.php(907): App\Controllers\Home->sattaPanel('1')
 7 SYSTEMPATH\CodeIgniter.php(457): CodeIgniter\CodeIgniter->runController(Object(App\Controllers\Home))
 8 SYSTEMPATH\CodeIgniter.php(340): CodeIgniter\CodeIgniter->handleRequest(null, Object(Config\Cache), false)
 9 FCPATH\index.php(67): CodeIgniter\CodeIgniter->run()
CRITICAL - 2022-09-17 10:57:35 --> Undefined variable $startDateStr
in APPPATH\Views\satta_panel.php on line 48.
 1 APPPATH\Views\satta_panel.php(48): CodeIgniter\Debug\Exceptions->errorHandler(2, 'Undefined variable $startDateStr', 'APPPATH\\Views\\satta_panel.php', 48)
 2 SYSTEMPATH\View\View.php(213): include('APPPATH\\Views\\satta_panel.php')
 3 SYSTEMPATH\View\View.php(216): CodeIgniter\View\View->CodeIgniter\View\{closure}()
 4 SYSTEMPATH\Common.php(1142): CodeIgniter\View\View->render('satta_panel', [], true)
 5 APPPATH\Controllers\Home.php(284): view('satta_panel', [...])
 6 SYSTEMPATH\CodeIgniter.php(907): App\Controllers\Home->sattaPanel('1')
 7 SYSTEMPATH\CodeIgniter.php(457): CodeIgniter\CodeIgniter->runController(Object(App\Controllers\Home))
 8 SYSTEMPATH\CodeIgniter.php(340): CodeIgniter\CodeIgniter->handleRequest(null, Object(Config\Cache), false)
 9 FCPATH\index.php(67): CodeIgniter\CodeIgniter->run()
CRITICAL - 2022-09-17 10:57:55 --> Undefined variable $x
in APPPATH\Views\satta_panel.php on line 55.
 1 APPPATH\Views\satta_panel.php(55): CodeIgniter\Debug\Exceptions->errorHandler(2, 'Undefined variable $x', 'APPPATH\\Views\\satta_panel.php', 55)
 2 SYSTEMPATH\View\View.php(213): include('APPPATH\\Views\\satta_panel.php')
 3 SYSTEMPATH\View\View.php(216): CodeIgniter\View\View->CodeIgniter\View\{closure}()
 4 SYSTEMPATH\Common.php(1142): CodeIgniter\View\View->render('satta_panel', [], true)
 5 APPPATH\Controllers\Home.php(284): view('satta_panel', [...])
 6 SYSTEMPATH\CodeIgniter.php(907): App\Controllers\Home->sattaPanel('1')
 7 SYSTEMPATH\CodeIgniter.php(457): CodeIgniter\CodeIgniter->runController(Object(App\Controllers\Home))
 8 SYSTEMPATH\CodeIgniter.php(340): CodeIgniter\CodeIgniter->handleRequest(null, Object(Config\Cache), false)
 9 FCPATH\index.php(67): CodeIgniter\CodeIgniter->run()
CRITICAL - 2022-09-17 10:58:03 --> Undefined array key 4
in APPPATH\Views\satta_panel.php on line 57.
 1 APPPATH\Views\satta_panel.php(57): CodeIgniter\Debug\Exceptions->errorHandler(2, 'Undefined array key 4', 'APPPATH\\Views\\satta_panel.php', 57)
 2 SYSTEMPATH\View\View.php(213): include('APPPATH\\Views\\satta_panel.php')
 3 SYSTEMPATH\View\View.php(216): CodeIgniter\View\View->CodeIgniter\View\{closure}()
 4 SYSTEMPATH\Common.php(1142): CodeIgniter\View\View->render('satta_panel', [], true)
 5 APPPATH\Controllers\Home.php(284): view('satta_panel', [...])
 6 SYSTEMPATH\CodeIgniter.php(907): App\Controllers\Home->sattaPanel('1')
 7 SYSTEMPATH\CodeIgniter.php(457): CodeIgniter\CodeIgniter->runController(Object(App\Controllers\Home))
 8 SYSTEMPATH\CodeIgniter.php(340): CodeIgniter\CodeIgniter->handleRequest(null, Object(Config\Cache), false)
 9 FCPATH\index.php(67): CodeIgniter\CodeIgniter->run()
CRITICAL - 2022-09-17 10:58:49 --> Undefined array key 4
in APPPATH\Views\satta_panel.php on line 59.
 1 APPPATH\Views\satta_panel.php(59): CodeIgniter\Debug\Exceptions->errorHandler(2, 'Undefined array key 4', 'APPPATH\\Views\\satta_panel.php', 59)
 2 SYSTEMPATH\View\View.php(213): include('APPPATH\\Views\\satta_panel.php')
 3 SYSTEMPATH\View\View.php(216): CodeIgniter\View\View->CodeIgniter\View\{closure}()
 4 SYSTEMPATH\Common.php(1142): CodeIgniter\View\View->render('satta_panel', [], true)
 5 APPPATH\Controllers\Home.php(284): view('satta_panel', [...])
 6 SYSTEMPATH\CodeIgniter.php(907): App\Controllers\Home->sattaPanel('1')
 7 SYSTEMPATH\CodeIgniter.php(457): CodeIgniter\CodeIgniter->runController(Object(App\Controllers\Home))
 8 SYSTEMPATH\CodeIgniter.php(340): CodeIgniter\CodeIgniter->handleRequest(null, Object(Config\Cache), false)
 9 FCPATH\index.php(67): CodeIgniter\CodeIgniter->run()
CRITICAL - 2022-09-17 10:59:27 --> Undefined array key 4
in APPPATH\Views\satta_panel.php on line 59.
 1 APPPATH\Views\satta_panel.php(59): CodeIgniter\Debug\Exceptions->errorHandler(2, 'Undefined array key 4', 'APPPATH\\Views\\satta_panel.php', 59)
 2 SYSTEMPATH\View\View.php(213): include('APPPATH\\Views\\satta_panel.php')
 3 SYSTEMPATH\View\View.php(216): CodeIgniter\View\View->CodeIgniter\View\{closure}()
 4 SYSTEMPATH\Common.php(1142): CodeIgniter\View\View->render('satta_panel', [], true)
 5 APPPATH\Controllers\Home.php(284): view('satta_panel', [...])
 6 SYSTEMPATH\CodeIgniter.php(907): App\Controllers\Home->sattaPanel('1')
 7 SYSTEMPATH\CodeIgniter.php(457): CodeIgniter\CodeIgniter->runController(Object(App\Controllers\Home))
 8 SYSTEMPATH\CodeIgniter.php(340): CodeIgniter\CodeIgniter->handleRequest(null, Object(Config\Cache), false)
 9 FCPATH\index.php(67): CodeIgniter\CodeIgniter->run()
CRITICAL - 2022-09-17 10:59:29 --> Undefined array key 4
in APPPATH\Views\satta_panel.php on line 59.
 1 APPPATH\Views\satta_panel.php(59): CodeIgniter\Debug\Exceptions->errorHandler(2, 'Undefined array key 4', 'APPPATH\\Views\\satta_panel.php', 59)
 2 SYSTEMPATH\View\View.php(213): include('APPPATH\\Views\\satta_panel.php')
 3 SYSTEMPATH\View\View.php(216): CodeIgniter\View\View->CodeIgniter\View\{closure}()
 4 SYSTEMPATH\Common.php(1142): CodeIgniter\View\View->render('satta_panel', [], true)
 5 APPPATH\Controllers\Home.php(284): view('satta_panel', [...])
 6 SYSTEMPATH\CodeIgniter.php(907): App\Controllers\Home->sattaPanel('1')
 7 SYSTEMPATH\CodeIgniter.php(457): CodeIgniter\CodeIgniter->runController(Object(App\Controllers\Home))
 8 SYSTEMPATH\CodeIgniter.php(340): CodeIgniter\CodeIgniter->handleRequest(null, Object(Config\Cache), false)
 9 FCPATH\index.php(67): CodeIgniter\CodeIgniter->run()
CRITICAL - 2022-09-17 10:59:58 --> Undefined array key 4
in APPPATH\Views\satta_panel.php on line 59.
 1 APPPATH\Views\satta_panel.php(59): CodeIgniter\Debug\Exceptions->errorHandler(2, 'Undefined array key 4', 'APPPATH\\Views\\satta_panel.php', 59)
 2 SYSTEMPATH\View\View.php(213): include('APPPATH\\Views\\satta_panel.php')
 3 SYSTEMPATH\View\View.php(216): CodeIgniter\View\View->CodeIgniter\View\{closure}()
 4 SYSTEMPATH\Common.php(1142): CodeIgniter\View\View->render('satta_panel', [], true)
 5 APPPATH\Controllers\Home.php(284): view('satta_panel', [...])
 6 SYSTEMPATH\CodeIgniter.php(907): App\Controllers\Home->sattaPanel('1')
 7 SYSTEMPATH\CodeIgniter.php(457): CodeIgniter\CodeIgniter->runController(Object(App\Controllers\Home))
 8 SYSTEMPATH\CodeIgniter.php(340): CodeIgniter\CodeIgniter->handleRequest(null, Object(Config\Cache), false)
 9 FCPATH\index.php(67): CodeIgniter\CodeIgniter->run()
