CRITICAL - 2022-09-19 08:48:20 --> Undefined variable $tdstar
in APPPATH\Views\satta_panel.php on line 200.
 1 APPPATH\Views\satta_panel.php(200): CodeIgniter\Debug\Exceptions->errorHandler(2, 'Undefined variable $tdstar', 'APPPATH\\Views\\satta_panel.php', 200)
 2 SYSTEMPATH\View\View.php(213): include('APPPATH\\Views\\satta_panel.php')
 3 SYSTEMPATH\View\View.php(216): CodeIgniter\View\View->CodeIgniter\View\{closure}()
 4 SYSTEMPATH\Common.php(1142): CodeIgniter\View\View->render('satta_panel', [], true)
 5 APPPATH\Controllers\Home.php(284): view('satta_panel', [...])
 6 SYSTEMPATH\CodeIgniter.php(907): App\Controllers\Home->sattaPanel('2')
 7 SYSTEMPATH\CodeIgniter.php(457): CodeIgniter\CodeIgniter->runController(Object(App\Controllers\Home))
 8 SYSTEMPATH\CodeIgniter.php(340): CodeIgniter\CodeIgniter->handleRequest(null, Object(Config\Cache), false)
 9 FCPATH\index.php(67): CodeIgniter\CodeIgniter->run()
CRITICAL - 2022-09-19 13:19:46 --> Undefined variable $currentDay
in APPPATH\Views\satta_panel.php on line 60.
 1 APPPATH\Views\satta_panel.php(60): CodeIgniter\Debug\Exceptions->errorHandler(2, 'Undefined variable $currentDay', 'APPPATH\\Views\\satta_panel.php', 60)
 2 SYSTEMPATH\View\View.php(213): include('APPPATH\\Views\\satta_panel.php')
 3 SYSTEMPATH\View\View.php(216): CodeIgniter\View\View->CodeIgniter\View\{closure}()
 4 SYSTEMPATH\Common.php(1142): CodeIgniter\View\View->render('satta_panel', [], true)
 5 APPPATH\Controllers\Home.php(284): view('satta_panel', [...])
 6 SYSTEMPATH\CodeIgniter.php(907): App\Controllers\Home->sattaPanel('2')
 7 SYSTEMPATH\CodeIgniter.php(457): CodeIgniter\CodeIgniter->runController(Object(App\Controllers\Home))
 8 SYSTEMPATH\CodeIgniter.php(340): CodeIgniter\CodeIgniter->handleRequest(null, Object(Config\Cache), false)
 9 FCPATH\index.php(67): CodeIgniter\CodeIgniter->run()
CRITICAL - 2022-09-19 13:45:26 --> Array to string conversion
in APPPATH\Views\satta_panel.php on line 173.
 1 APPPATH\Views\satta_panel.php(173): CodeIgniter\Debug\Exceptions->errorHandler(2, 'Array to string conversion', 'APPPATH\\Views\\satta_panel.php', 173)
 2 SYSTEMPATH\View\View.php(213): include('APPPATH\\Views\\satta_panel.php')
 3 SYSTEMPATH\View\View.php(216): CodeIgniter\View\View->CodeIgniter\View\{closure}()
 4 SYSTEMPATH\Common.php(1142): CodeIgniter\View\View->render('satta_panel', [], true)
 5 APPPATH\Controllers\Home.php(284): view('satta_panel', [...])
 6 SYSTEMPATH\CodeIgniter.php(907): App\Controllers\Home->sattaPanel('2')
 7 SYSTEMPATH\CodeIgniter.php(457): CodeIgniter\CodeIgniter->runController(Object(App\Controllers\Home))
 8 SYSTEMPATH\CodeIgniter.php(340): CodeIgniter\CodeIgniter->handleRequest(null, Object(Config\Cache), false)
 9 FCPATH\index.php(67): CodeIgniter\CodeIgniter->run()
CRITICAL - 2022-09-19 15:09:58 --> Array to string conversion
in APPPATH\Views\satta_panel.php on line 199.
 1 APPPATH\Views\satta_panel.php(199): CodeIgniter\Debug\Exceptions->errorHandler(2, 'Array to string conversion', 'APPPATH\\Views\\satta_panel.php', 199)
 2 SYSTEMPATH\View\View.php(213): include('APPPATH\\Views\\satta_panel.php')
 3 SYSTEMPATH\View\View.php(216): CodeIgniter\View\View->CodeIgniter\View\{closure}()
 4 SYSTEMPATH\Common.php(1142): CodeIgniter\View\View->render('satta_panel', [], true)
 5 APPPATH\Controllers\Home.php(284): view('satta_panel', [...])
 6 SYSTEMPATH\CodeIgniter.php(907): App\Controllers\Home->sattaPanel('2')
 7 SYSTEMPATH\CodeIgniter.php(457): CodeIgniter\CodeIgniter->runController(Object(App\Controllers\Home))
 8 SYSTEMPATH\CodeIgniter.php(340): CodeIgniter\CodeIgniter->handleRequest(null, Object(Config\Cache), false)
 9 FCPATH\index.php(67): CodeIgniter\CodeIgniter->run()
CRITICAL - 2022-09-19 20:00:13 --> Undefined array key 2
in APPPATH\Views\satta_panel.php on line 172.
 1 APPPATH\Views\satta_panel.php(172): CodeIgniter\Debug\Exceptions->errorHandler(2, 'Undefined array key 2', 'APPPATH\\Views\\satta_panel.php', 172)
 2 SYSTEMPATH\View\View.php(213): include('APPPATH\\Views\\satta_panel.php')
 3 SYSTEMPATH\View\View.php(216): CodeIgniter\View\View->CodeIgniter\View\{closure}()
 4 SYSTEMPATH\Common.php(1142): CodeIgniter\View\View->render('satta_panel', [], true)
 5 APPPATH\Controllers\Home.php(284): view('satta_panel', [...])
 6 SYSTEMPATH\CodeIgniter.php(907): App\Controllers\Home->sattaPanel('2')
 7 SYSTEMPATH\CodeIgniter.php(457): CodeIgniter\CodeIgniter->runController(Object(App\Controllers\Home))
 8 SYSTEMPATH\CodeIgniter.php(340): CodeIgniter\CodeIgniter->handleRequest(null, Object(Config\Cache), false)
 9 FCPATH\index.php(67): CodeIgniter\CodeIgniter->run()
CRITICAL - 2022-09-19 20:00:23 --> Undefined array key 2
in APPPATH\Views\satta_panel.php on line 172.
 1 APPPATH\Views\satta_panel.php(172): CodeIgniter\Debug\Exceptions->errorHandler(2, 'Undefined array key 2', 'APPPATH\\Views\\satta_panel.php', 172)
 2 SYSTEMPATH\View\View.php(213): include('APPPATH\\Views\\satta_panel.php')
 3 SYSTEMPATH\View\View.php(216): CodeIgniter\View\View->CodeIgniter\View\{closure}()
 4 SYSTEMPATH\Common.php(1142): CodeIgniter\View\View->render('satta_panel', [], true)
 5 APPPATH\Controllers\Home.php(284): view('satta_panel', [...])
 6 SYSTEMPATH\CodeIgniter.php(907): App\Controllers\Home->sattaPanel('2')
 7 SYSTEMPATH\CodeIgniter.php(457): CodeIgniter\CodeIgniter->runController(Object(App\Controllers\Home))
 8 SYSTEMPATH\CodeIgniter.php(340): CodeIgniter\CodeIgniter->handleRequest(null, Object(Config\Cache), false)
 9 FCPATH\index.php(67): CodeIgniter\CodeIgniter->run()
CRITICAL - 2022-09-19 20:00:24 --> Undefined array key 2
in APPPATH\Views\satta_panel.php on line 172.
 1 APPPATH\Views\satta_panel.php(172): CodeIgniter\Debug\Exceptions->errorHandler(2, 'Undefined array key 2', 'APPPATH\\Views\\satta_panel.php', 172)
 2 SYSTEMPATH\View\View.php(213): include('APPPATH\\Views\\satta_panel.php')
 3 SYSTEMPATH\View\View.php(216): CodeIgniter\View\View->CodeIgniter\View\{closure}()
 4 SYSTEMPATH\Common.php(1142): CodeIgniter\View\View->render('satta_panel', [], true)
 5 APPPATH\Controllers\Home.php(284): view('satta_panel', [...])
 6 SYSTEMPATH\CodeIgniter.php(907): App\Controllers\Home->sattaPanel('2')
 7 SYSTEMPATH\CodeIgniter.php(457): CodeIgniter\CodeIgniter->runController(Object(App\Controllers\Home))
 8 SYSTEMPATH\CodeIgniter.php(340): CodeIgniter\CodeIgniter->handleRequest(null, Object(Config\Cache), false)
 9 FCPATH\index.php(67): CodeIgniter\CodeIgniter->run()
CRITICAL - 2022-09-19 20:00:33 --> Undefined array key 2
in APPPATH\Views\satta_panel.php on line 172.
 1 APPPATH\Views\satta_panel.php(172): CodeIgniter\Debug\Exceptions->errorHandler(2, 'Undefined array key 2', 'APPPATH\\Views\\satta_panel.php', 172)
 2 SYSTEMPATH\View\View.php(213): include('APPPATH\\Views\\satta_panel.php')
 3 SYSTEMPATH\View\View.php(216): CodeIgniter\View\View->CodeIgniter\View\{closure}()
 4 SYSTEMPATH\Common.php(1142): CodeIgniter\View\View->render('satta_panel', [], true)
 5 APPPATH\Controllers\Home.php(284): view('satta_panel', [...])
 6 SYSTEMPATH\CodeIgniter.php(907): App\Controllers\Home->sattaPanel('2')
 7 SYSTEMPATH\CodeIgniter.php(457): CodeIgniter\CodeIgniter->runController(Object(App\Controllers\Home))
 8 SYSTEMPATH\CodeIgniter.php(340): CodeIgniter\CodeIgniter->handleRequest(null, Object(Config\Cache), false)
 9 FCPATH\index.php(67): CodeIgniter\CodeIgniter->run()
CRITICAL - 2022-09-19 20:01:52 --> Undefined array key 2
in APPPATH\Views\satta_panel.php on line 173.
 1 APPPATH\Views\satta_panel.php(173): CodeIgniter\Debug\Exceptions->errorHandler(2, 'Undefined array key 2', 'APPPATH\\Views\\satta_panel.php', 173)
 2 SYSTEMPATH\View\View.php(213): include('APPPATH\\Views\\satta_panel.php')
 3 SYSTEMPATH\View\View.php(216): CodeIgniter\View\View->CodeIgniter\View\{closure}()
 4 SYSTEMPATH\Common.php(1142): CodeIgniter\View\View->render('satta_panel', [], true)
 5 APPPATH\Controllers\Home.php(284): view('satta_panel', [...])
 6 SYSTEMPATH\CodeIgniter.php(907): App\Controllers\Home->sattaPanel('2')
 7 SYSTEMPATH\CodeIgniter.php(457): CodeIgniter\CodeIgniter->runController(Object(App\Controllers\Home))
 8 SYSTEMPATH\CodeIgniter.php(340): CodeIgniter\CodeIgniter->handleRequest(null, Object(Config\Cache), false)
 9 FCPATH\index.php(67): CodeIgniter\CodeIgniter->run()
CRITICAL - 2022-09-19 20:01:53 --> Undefined array key 2
in APPPATH\Views\satta_panel.php on line 173.
 1 APPPATH\Views\satta_panel.php(173): CodeIgniter\Debug\Exceptions->errorHandler(2, 'Undefined array key 2', 'APPPATH\\Views\\satta_panel.php', 173)
 2 SYSTEMPATH\View\View.php(213): include('APPPATH\\Views\\satta_panel.php')
 3 SYSTEMPATH\View\View.php(216): CodeIgniter\View\View->CodeIgniter\View\{closure}()
 4 SYSTEMPATH\Common.php(1142): CodeIgniter\View\View->render('satta_panel', [], true)
 5 APPPATH\Controllers\Home.php(284): view('satta_panel', [...])
 6 SYSTEMPATH\CodeIgniter.php(907): App\Controllers\Home->sattaPanel('2')
 7 SYSTEMPATH\CodeIgniter.php(457): CodeIgniter\CodeIgniter->runController(Object(App\Controllers\Home))
 8 SYSTEMPATH\CodeIgniter.php(340): CodeIgniter\CodeIgniter->handleRequest(null, Object(Config\Cache), false)
 9 FCPATH\index.php(67): CodeIgniter\CodeIgniter->run()
CRITICAL - 2022-09-19 20:01:55 --> Undefined array key 2
in APPPATH\Views\satta_panel.php on line 173.
 1 APPPATH\Views\satta_panel.php(173): CodeIgniter\Debug\Exceptions->errorHandler(2, 'Undefined array key 2', 'APPPATH\\Views\\satta_panel.php', 173)
 2 SYSTEMPATH\View\View.php(213): include('APPPATH\\Views\\satta_panel.php')
 3 SYSTEMPATH\View\View.php(216): CodeIgniter\View\View->CodeIgniter\View\{closure}()
 4 SYSTEMPATH\Common.php(1142): CodeIgniter\View\View->render('satta_panel', [], true)
 5 APPPATH\Controllers\Home.php(284): view('satta_panel', [...])
 6 SYSTEMPATH\CodeIgniter.php(907): App\Controllers\Home->sattaPanel('2')
 7 SYSTEMPATH\CodeIgniter.php(457): CodeIgniter\CodeIgniter->runController(Object(App\Controllers\Home))
 8 SYSTEMPATH\CodeIgniter.php(340): CodeIgniter\CodeIgniter->handleRequest(null, Object(Config\Cache), false)
 9 FCPATH\index.php(67): CodeIgniter\CodeIgniter->run()
CRITICAL - 2022-09-19 20:02:16 --> Undefined variable $getPrevrowData
in APPPATH\Views\satta_panel.php on line 186.
 1 APPPATH\Views\satta_panel.php(186): CodeIgniter\Debug\Exceptions->errorHandler(2, 'Undefined variable $getPrevrowData', 'APPPATH\\Views\\satta_panel.php', 186)
 2 SYSTEMPATH\View\View.php(213): include('APPPATH\\Views\\satta_panel.php')
 3 SYSTEMPATH\View\View.php(216): CodeIgniter\View\View->CodeIgniter\View\{closure}()
 4 SYSTEMPATH\Common.php(1142): CodeIgniter\View\View->render('satta_panel', [], true)
 5 APPPATH\Controllers\Home.php(284): view('satta_panel', [...])
 6 SYSTEMPATH\CodeIgniter.php(907): App\Controllers\Home->sattaPanel('2')
 7 SYSTEMPATH\CodeIgniter.php(457): CodeIgniter\CodeIgniter->runController(Object(App\Controllers\Home))
 8 SYSTEMPATH\CodeIgniter.php(340): CodeIgniter\CodeIgniter->handleRequest(null, Object(Config\Cache), false)
 9 FCPATH\index.php(67): CodeIgniter\CodeIgniter->run()
CRITICAL - 2022-09-19 20:03:19 --> Undefined array key 2
in APPPATH\Views\satta_panel.php on line 173.
 1 APPPATH\Views\satta_panel.php(173): CodeIgniter\Debug\Exceptions->errorHandler(2, 'Undefined array key 2', 'APPPATH\\Views\\satta_panel.php', 173)
 2 SYSTEMPATH\View\View.php(213): include('APPPATH\\Views\\satta_panel.php')
 3 SYSTEMPATH\View\View.php(216): CodeIgniter\View\View->CodeIgniter\View\{closure}()
 4 SYSTEMPATH\Common.php(1142): CodeIgniter\View\View->render('satta_panel', [], true)
 5 APPPATH\Controllers\Home.php(284): view('satta_panel', [...])
 6 SYSTEMPATH\CodeIgniter.php(907): App\Controllers\Home->sattaPanel('2')
 7 SYSTEMPATH\CodeIgniter.php(457): CodeIgniter\CodeIgniter->runController(Object(App\Controllers\Home))
 8 SYSTEMPATH\CodeIgniter.php(340): CodeIgniter\CodeIgniter->handleRequest(null, Object(Config\Cache), false)
 9 FCPATH\index.php(67): CodeIgniter\CodeIgniter->run()
CRITICAL - 2022-09-19 20:04:49 --> Undefined array key 2
in APPPATH\Views\satta_panel.php on line 175.
 1 APPPATH\Views\satta_panel.php(175): CodeIgniter\Debug\Exceptions->errorHandler(2, 'Undefined array key 2', 'APPPATH\\Views\\satta_panel.php', 175)
 2 SYSTEMPATH\View\View.php(213): include('APPPATH\\Views\\satta_panel.php')
 3 SYSTEMPATH\View\View.php(216): CodeIgniter\View\View->CodeIgniter\View\{closure}()
 4 SYSTEMPATH\Common.php(1142): CodeIgniter\View\View->render('satta_panel', [], true)
 5 APPPATH\Controllers\Home.php(284): view('satta_panel', [...])
 6 SYSTEMPATH\CodeIgniter.php(907): App\Controllers\Home->sattaPanel('2')
 7 SYSTEMPATH\CodeIgniter.php(457): CodeIgniter\CodeIgniter->runController(Object(App\Controllers\Home))
 8 SYSTEMPATH\CodeIgniter.php(340): CodeIgniter\CodeIgniter->handleRequest(null, Object(Config\Cache), false)
 9 FCPATH\index.php(67): CodeIgniter\CodeIgniter->run()
CRITICAL - 2022-09-19 20:05:08 --> Undefined array key 2
in APPPATH\Views\satta_panel.php on line 175.
 1 APPPATH\Views\satta_panel.php(175): CodeIgniter\Debug\Exceptions->errorHandler(2, 'Undefined array key 2', 'APPPATH\\Views\\satta_panel.php', 175)
 2 SYSTEMPATH\View\View.php(213): include('APPPATH\\Views\\satta_panel.php')
 3 SYSTEMPATH\View\View.php(216): CodeIgniter\View\View->CodeIgniter\View\{closure}()
 4 SYSTEMPATH\Common.php(1142): CodeIgniter\View\View->render('satta_panel', [], true)
 5 APPPATH\Controllers\Home.php(284): view('satta_panel', [...])
 6 SYSTEMPATH\CodeIgniter.php(907): App\Controllers\Home->sattaPanel('2')
 7 SYSTEMPATH\CodeIgniter.php(457): CodeIgniter\CodeIgniter->runController(Object(App\Controllers\Home))
 8 SYSTEMPATH\CodeIgniter.php(340): CodeIgniter\CodeIgniter->handleRequest(null, Object(Config\Cache), false)
 9 FCPATH\index.php(67): CodeIgniter\CodeIgniter->run()
CRITICAL - 2022-09-19 20:07:15 --> Undefined array key 2
in APPPATH\Views\satta_panel.php on line 172.
 1 APPPATH\Views\satta_panel.php(172): CodeIgniter\Debug\Exceptions->errorHandler(2, 'Undefined array key 2', 'APPPATH\\Views\\satta_panel.php', 172)
 2 SYSTEMPATH\View\View.php(213): include('APPPATH\\Views\\satta_panel.php')
 3 SYSTEMPATH\View\View.php(216): CodeIgniter\View\View->CodeIgniter\View\{closure}()
 4 SYSTEMPATH\Common.php(1142): CodeIgniter\View\View->render('satta_panel', [], true)
 5 APPPATH\Controllers\Home.php(284): view('satta_panel', [...])
 6 SYSTEMPATH\CodeIgniter.php(907): App\Controllers\Home->sattaPanel('2')
 7 SYSTEMPATH\CodeIgniter.php(457): CodeIgniter\CodeIgniter->runController(Object(App\Controllers\Home))
 8 SYSTEMPATH\CodeIgniter.php(340): CodeIgniter\CodeIgniter->handleRequest(null, Object(Config\Cache), false)
 9 FCPATH\index.php(67): CodeIgniter\CodeIgniter->run()
CRITICAL - 2022-09-19 20:07:16 --> Undefined array key 2
in APPPATH\Views\satta_panel.php on line 172.
 1 APPPATH\Views\satta_panel.php(172): CodeIgniter\Debug\Exceptions->errorHandler(2, 'Undefined array key 2', 'APPPATH\\Views\\satta_panel.php', 172)
 2 SYSTEMPATH\View\View.php(213): include('APPPATH\\Views\\satta_panel.php')
 3 SYSTEMPATH\View\View.php(216): CodeIgniter\View\View->CodeIgniter\View\{closure}()
 4 SYSTEMPATH\Common.php(1142): CodeIgniter\View\View->render('satta_panel', [], true)
 5 APPPATH\Controllers\Home.php(284): view('satta_panel', [...])
 6 SYSTEMPATH\CodeIgniter.php(907): App\Controllers\Home->sattaPanel('2')
 7 SYSTEMPATH\CodeIgniter.php(457): CodeIgniter\CodeIgniter->runController(Object(App\Controllers\Home))
 8 SYSTEMPATH\CodeIgniter.php(340): CodeIgniter\CodeIgniter->handleRequest(null, Object(Config\Cache), false)
 9 FCPATH\index.php(67): CodeIgniter\CodeIgniter->run()
CRITICAL - 2022-09-19 20:07:20 --> Undefined array key 2
in APPPATH\Views\satta_panel.php on line 172.
 1 APPPATH\Views\satta_panel.php(172): CodeIgniter\Debug\Exceptions->errorHandler(2, 'Undefined array key 2', 'APPPATH\\Views\\satta_panel.php', 172)
 2 SYSTEMPATH\View\View.php(213): include('APPPATH\\Views\\satta_panel.php')
 3 SYSTEMPATH\View\View.php(216): CodeIgniter\View\View->CodeIgniter\View\{closure}()
 4 SYSTEMPATH\Common.php(1142): CodeIgniter\View\View->render('satta_panel', [], true)
 5 APPPATH\Controllers\Home.php(284): view('satta_panel', [...])
 6 SYSTEMPATH\CodeIgniter.php(907): App\Controllers\Home->sattaPanel('1')
 7 SYSTEMPATH\CodeIgniter.php(457): CodeIgniter\CodeIgniter->runController(Object(App\Controllers\Home))
 8 SYSTEMPATH\CodeIgniter.php(340): CodeIgniter\CodeIgniter->handleRequest(null, Object(Config\Cache), false)
 9 FCPATH\index.php(67): CodeIgniter\CodeIgniter->run()
CRITICAL - 2022-09-19 20:07:30 --> Undefined array key 2
in APPPATH\Views\satta_panel.php on line 172.
 1 APPPATH\Views\satta_panel.php(172): CodeIgniter\Debug\Exceptions->errorHandler(2, 'Undefined array key 2', 'APPPATH\\Views\\satta_panel.php', 172)
 2 SYSTEMPATH\View\View.php(213): include('APPPATH\\Views\\satta_panel.php')
 3 SYSTEMPATH\View\View.php(216): CodeIgniter\View\View->CodeIgniter\View\{closure}()
 4 SYSTEMPATH\Common.php(1142): CodeIgniter\View\View->render('satta_panel', [], true)
 5 APPPATH\Controllers\Home.php(284): view('satta_panel', [...])
 6 SYSTEMPATH\CodeIgniter.php(907): App\Controllers\Home->sattaPanel('2')
 7 SYSTEMPATH\CodeIgniter.php(457): CodeIgniter\CodeIgniter->runController(Object(App\Controllers\Home))
 8 SYSTEMPATH\CodeIgniter.php(340): CodeIgniter\CodeIgniter->handleRequest(null, Object(Config\Cache), false)
 9 FCPATH\index.php(67): CodeIgniter\CodeIgniter->run()
CRITICAL - 2022-09-19 20:10:02 --> Undefined array key 2
in APPPATH\Views\satta_panel.php on line 172.
 1 APPPATH\Views\satta_panel.php(172): CodeIgniter\Debug\Exceptions->errorHandler(2, 'Undefined array key 2', 'APPPATH\\Views\\satta_panel.php', 172)
 2 SYSTEMPATH\View\View.php(213): include('APPPATH\\Views\\satta_panel.php')
 3 SYSTEMPATH\View\View.php(216): CodeIgniter\View\View->CodeIgniter\View\{closure}()
 4 SYSTEMPATH\Common.php(1142): CodeIgniter\View\View->render('satta_panel', [], true)
 5 APPPATH\Controllers\Home.php(284): view('satta_panel', [...])
 6 SYSTEMPATH\CodeIgniter.php(907): App\Controllers\Home->sattaPanel('2')
 7 SYSTEMPATH\CodeIgniter.php(457): CodeIgniter\CodeIgniter->runController(Object(App\Controllers\Home))
 8 SYSTEMPATH\CodeIgniter.php(340): CodeIgniter\CodeIgniter->handleRequest(null, Object(Config\Cache), false)
 9 FCPATH\index.php(67): CodeIgniter\CodeIgniter->run()
CRITICAL - 2022-09-19 20:10:04 --> Undefined array key 2
in APPPATH\Views\satta_panel.php on line 172.
 1 APPPATH\Views\satta_panel.php(172): CodeIgniter\Debug\Exceptions->errorHandler(2, 'Undefined array key 2', 'APPPATH\\Views\\satta_panel.php', 172)
 2 SYSTEMPATH\View\View.php(213): include('APPPATH\\Views\\satta_panel.php')
 3 SYSTEMPATH\View\View.php(216): CodeIgniter\View\View->CodeIgniter\View\{closure}()
 4 SYSTEMPATH\Common.php(1142): CodeIgniter\View\View->render('satta_panel', [], true)
 5 APPPATH\Controllers\Home.php(284): view('satta_panel', [...])
 6 SYSTEMPATH\CodeIgniter.php(907): App\Controllers\Home->sattaPanel('2')
 7 SYSTEMPATH\CodeIgniter.php(457): CodeIgniter\CodeIgniter->runController(Object(App\Controllers\Home))
 8 SYSTEMPATH\CodeIgniter.php(340): CodeIgniter\CodeIgniter->handleRequest(null, Object(Config\Cache), false)
 9 FCPATH\index.php(67): CodeIgniter\CodeIgniter->run()
CRITICAL - 2022-09-19 20:10:05 --> Undefined array key 2
in APPPATH\Views\satta_panel.php on line 172.
 1 APPPATH\Views\satta_panel.php(172): CodeIgniter\Debug\Exceptions->errorHandler(2, 'Undefined array key 2', 'APPPATH\\Views\\satta_panel.php', 172)
 2 SYSTEMPATH\View\View.php(213): include('APPPATH\\Views\\satta_panel.php')
 3 SYSTEMPATH\View\View.php(216): CodeIgniter\View\View->CodeIgniter\View\{closure}()
 4 SYSTEMPATH\Common.php(1142): CodeIgniter\View\View->render('satta_panel', [], true)
 5 APPPATH\Controllers\Home.php(284): view('satta_panel', [...])
 6 SYSTEMPATH\CodeIgniter.php(907): App\Controllers\Home->sattaPanel('2')
 7 SYSTEMPATH\CodeIgniter.php(457): CodeIgniter\CodeIgniter->runController(Object(App\Controllers\Home))
 8 SYSTEMPATH\CodeIgniter.php(340): CodeIgniter\CodeIgniter->handleRequest(null, Object(Config\Cache), false)
 9 FCPATH\index.php(67): CodeIgniter\CodeIgniter->run()
CRITICAL - 2022-09-19 20:10:06 --> Undefined array key 2
in APPPATH\Views\satta_panel.php on line 172.
 1 APPPATH\Views\satta_panel.php(172): CodeIgniter\Debug\Exceptions->errorHandler(2, 'Undefined array key 2', 'APPPATH\\Views\\satta_panel.php', 172)
 2 SYSTEMPATH\View\View.php(213): include('APPPATH\\Views\\satta_panel.php')
 3 SYSTEMPATH\View\View.php(216): CodeIgniter\View\View->CodeIgniter\View\{closure}()
 4 SYSTEMPATH\Common.php(1142): CodeIgniter\View\View->render('satta_panel', [], true)
 5 APPPATH\Controllers\Home.php(284): view('satta_panel', [...])
 6 SYSTEMPATH\CodeIgniter.php(907): App\Controllers\Home->sattaPanel('2')
 7 SYSTEMPATH\CodeIgniter.php(457): CodeIgniter\CodeIgniter->runController(Object(App\Controllers\Home))
 8 SYSTEMPATH\CodeIgniter.php(340): CodeIgniter\CodeIgniter->handleRequest(null, Object(Config\Cache), false)
 9 FCPATH\index.php(67): CodeIgniter\CodeIgniter->run()
CRITICAL - 2022-09-19 20:10:06 --> Undefined array key 2
in APPPATH\Views\satta_panel.php on line 172.
 1 APPPATH\Views\satta_panel.php(172): CodeIgniter\Debug\Exceptions->errorHandler(2, 'Undefined array key 2', 'APPPATH\\Views\\satta_panel.php', 172)
 2 SYSTEMPATH\View\View.php(213): include('APPPATH\\Views\\satta_panel.php')
 3 SYSTEMPATH\View\View.php(216): CodeIgniter\View\View->CodeIgniter\View\{closure}()
 4 SYSTEMPATH\Common.php(1142): CodeIgniter\View\View->render('satta_panel', [], true)
 5 APPPATH\Controllers\Home.php(284): view('satta_panel', [...])
 6 SYSTEMPATH\CodeIgniter.php(907): App\Controllers\Home->sattaPanel('2')
 7 SYSTEMPATH\CodeIgniter.php(457): CodeIgniter\CodeIgniter->runController(Object(App\Controllers\Home))
 8 SYSTEMPATH\CodeIgniter.php(340): CodeIgniter\CodeIgniter->handleRequest(null, Object(Config\Cache), false)
 9 FCPATH\index.php(67): CodeIgniter\CodeIgniter->run()
CRITICAL - 2022-09-19 20:10:06 --> Undefined array key 2
in APPPATH\Views\satta_panel.php on line 172.
 1 APPPATH\Views\satta_panel.php(172): CodeIgniter\Debug\Exceptions->errorHandler(2, 'Undefined array key 2', 'APPPATH\\Views\\satta_panel.php', 172)
 2 SYSTEMPATH\View\View.php(213): include('APPPATH\\Views\\satta_panel.php')
 3 SYSTEMPATH\View\View.php(216): CodeIgniter\View\View->CodeIgniter\View\{closure}()
 4 SYSTEMPATH\Common.php(1142): CodeIgniter\View\View->render('satta_panel', [], true)
 5 APPPATH\Controllers\Home.php(284): view('satta_panel', [...])
 6 SYSTEMPATH\CodeIgniter.php(907): App\Controllers\Home->sattaPanel('2')
 7 SYSTEMPATH\CodeIgniter.php(457): CodeIgniter\CodeIgniter->runController(Object(App\Controllers\Home))
 8 SYSTEMPATH\CodeIgniter.php(340): CodeIgniter\CodeIgniter->handleRequest(null, Object(Config\Cache), false)
 9 FCPATH\index.php(67): CodeIgniter\CodeIgniter->run()
CRITICAL - 2022-09-19 20:10:07 --> Undefined array key 2
in APPPATH\Views\satta_panel.php on line 172.
 1 APPPATH\Views\satta_panel.php(172): CodeIgniter\Debug\Exceptions->errorHandler(2, 'Undefined array key 2', 'APPPATH\\Views\\satta_panel.php', 172)
 2 SYSTEMPATH\View\View.php(213): include('APPPATH\\Views\\satta_panel.php')
 3 SYSTEMPATH\View\View.php(216): CodeIgniter\View\View->CodeIgniter\View\{closure}()
 4 SYSTEMPATH\Common.php(1142): CodeIgniter\View\View->render('satta_panel', [], true)
 5 APPPATH\Controllers\Home.php(284): view('satta_panel', [...])
 6 SYSTEMPATH\CodeIgniter.php(907): App\Controllers\Home->sattaPanel('2')
 7 SYSTEMPATH\CodeIgniter.php(457): CodeIgniter\CodeIgniter->runController(Object(App\Controllers\Home))
 8 SYSTEMPATH\CodeIgniter.php(340): CodeIgniter\CodeIgniter->handleRequest(null, Object(Config\Cache), false)
 9 FCPATH\index.php(67): CodeIgniter\CodeIgniter->run()
CRITICAL - 2022-09-19 20:10:07 --> Undefined array key 2
in APPPATH\Views\satta_panel.php on line 172.
 1 APPPATH\Views\satta_panel.php(172): CodeIgniter\Debug\Exceptions->errorHandler(2, 'Undefined array key 2', 'APPPATH\\Views\\satta_panel.php', 172)
 2 SYSTEMPATH\View\View.php(213): include('APPPATH\\Views\\satta_panel.php')
 3 SYSTEMPATH\View\View.php(216): CodeIgniter\View\View->CodeIgniter\View\{closure}()
 4 SYSTEMPATH\Common.php(1142): CodeIgniter\View\View->render('satta_panel', [], true)
 5 APPPATH\Controllers\Home.php(284): view('satta_panel', [...])
 6 SYSTEMPATH\CodeIgniter.php(907): App\Controllers\Home->sattaPanel('2')
 7 SYSTEMPATH\CodeIgniter.php(457): CodeIgniter\CodeIgniter->runController(Object(App\Controllers\Home))
 8 SYSTEMPATH\CodeIgniter.php(340): CodeIgniter\CodeIgniter->handleRequest(null, Object(Config\Cache), false)
 9 FCPATH\index.php(67): CodeIgniter\CodeIgniter->run()
CRITICAL - 2022-09-19 20:10:08 --> Undefined array key 2
in APPPATH\Views\satta_panel.php on line 172.
 1 APPPATH\Views\satta_panel.php(172): CodeIgniter\Debug\Exceptions->errorHandler(2, 'Undefined array key 2', 'APPPATH\\Views\\satta_panel.php', 172)
 2 SYSTEMPATH\View\View.php(213): include('APPPATH\\Views\\satta_panel.php')
 3 SYSTEMPATH\View\View.php(216): CodeIgniter\View\View->CodeIgniter\View\{closure}()
 4 SYSTEMPATH\Common.php(1142): CodeIgniter\View\View->render('satta_panel', [], true)
 5 APPPATH\Controllers\Home.php(284): view('satta_panel', [...])
 6 SYSTEMPATH\CodeIgniter.php(907): App\Controllers\Home->sattaPanel('2')
 7 SYSTEMPATH\CodeIgniter.php(457): CodeIgniter\CodeIgniter->runController(Object(App\Controllers\Home))
 8 SYSTEMPATH\CodeIgniter.php(340): CodeIgniter\CodeIgniter->handleRequest(null, Object(Config\Cache), false)
 9 FCPATH\index.php(67): CodeIgniter\CodeIgniter->run()
CRITICAL - 2022-09-19 20:10:08 --> Undefined array key 2
in APPPATH\Views\satta_panel.php on line 172.
 1 APPPATH\Views\satta_panel.php(172): CodeIgniter\Debug\Exceptions->errorHandler(2, 'Undefined array key 2', 'APPPATH\\Views\\satta_panel.php', 172)
 2 SYSTEMPATH\View\View.php(213): include('APPPATH\\Views\\satta_panel.php')
 3 SYSTEMPATH\View\View.php(216): CodeIgniter\View\View->CodeIgniter\View\{closure}()
 4 SYSTEMPATH\Common.php(1142): CodeIgniter\View\View->render('satta_panel', [], true)
 5 APPPATH\Controllers\Home.php(284): view('satta_panel', [...])
 6 SYSTEMPATH\CodeIgniter.php(907): App\Controllers\Home->sattaPanel('2')
 7 SYSTEMPATH\CodeIgniter.php(457): CodeIgniter\CodeIgniter->runController(Object(App\Controllers\Home))
 8 SYSTEMPATH\CodeIgniter.php(340): CodeIgniter\CodeIgniter->handleRequest(null, Object(Config\Cache), false)
 9 FCPATH\index.php(67): CodeIgniter\CodeIgniter->run()
CRITICAL - 2022-09-19 20:10:09 --> Undefined array key 2
in APPPATH\Views\satta_panel.php on line 172.
 1 APPPATH\Views\satta_panel.php(172): CodeIgniter\Debug\Exceptions->errorHandler(2, 'Undefined array key 2', 'APPPATH\\Views\\satta_panel.php', 172)
 2 SYSTEMPATH\View\View.php(213): include('APPPATH\\Views\\satta_panel.php')
 3 SYSTEMPATH\View\View.php(216): CodeIgniter\View\View->CodeIgniter\View\{closure}()
 4 SYSTEMPATH\Common.php(1142): CodeIgniter\View\View->render('satta_panel', [], true)
 5 APPPATH\Controllers\Home.php(284): view('satta_panel', [...])
 6 SYSTEMPATH\CodeIgniter.php(907): App\Controllers\Home->sattaPanel('2')
 7 SYSTEMPATH\CodeIgniter.php(457): CodeIgniter\CodeIgniter->runController(Object(App\Controllers\Home))
 8 SYSTEMPATH\CodeIgniter.php(340): CodeIgniter\CodeIgniter->handleRequest(null, Object(Config\Cache), false)
 9 FCPATH\index.php(67): CodeIgniter\CodeIgniter->run()
CRITICAL - 2022-09-19 20:10:16 --> Undefined array key 2
in APPPATH\Views\satta_panel.php on line 172.
 1 APPPATH\Views\satta_panel.php(172): CodeIgniter\Debug\Exceptions->errorHandler(2, 'Undefined array key 2', 'APPPATH\\Views\\satta_panel.php', 172)
 2 SYSTEMPATH\View\View.php(213): include('APPPATH\\Views\\satta_panel.php')
 3 SYSTEMPATH\View\View.php(216): CodeIgniter\View\View->CodeIgniter\View\{closure}()
 4 SYSTEMPATH\Common.php(1142): CodeIgniter\View\View->render('satta_panel', [], true)
 5 APPPATH\Controllers\Home.php(284): view('satta_panel', [...])
 6 SYSTEMPATH\CodeIgniter.php(907): App\Controllers\Home->sattaPanel('2')
 7 SYSTEMPATH\CodeIgniter.php(457): CodeIgniter\CodeIgniter->runController(Object(App\Controllers\Home))
 8 SYSTEMPATH\CodeIgniter.php(340): CodeIgniter\CodeIgniter->handleRequest(null, Object(Config\Cache), false)
 9 FCPATH\index.php(67): CodeIgniter\CodeIgniter->run()
CRITICAL - 2022-09-19 20:10:17 --> Undefined array key 2
in APPPATH\Views\satta_panel.php on line 172.
 1 APPPATH\Views\satta_panel.php(172): CodeIgniter\Debug\Exceptions->errorHandler(2, 'Undefined array key 2', 'APPPATH\\Views\\satta_panel.php', 172)
 2 SYSTEMPATH\View\View.php(213): include('APPPATH\\Views\\satta_panel.php')
 3 SYSTEMPATH\View\View.php(216): CodeIgniter\View\View->CodeIgniter\View\{closure}()
 4 SYSTEMPATH\Common.php(1142): CodeIgniter\View\View->render('satta_panel', [], true)
 5 APPPATH\Controllers\Home.php(284): view('satta_panel', [...])
 6 SYSTEMPATH\CodeIgniter.php(907): App\Controllers\Home->sattaPanel('2')
 7 SYSTEMPATH\CodeIgniter.php(457): CodeIgniter\CodeIgniter->runController(Object(App\Controllers\Home))
 8 SYSTEMPATH\CodeIgniter.php(340): CodeIgniter\CodeIgniter->handleRequest(null, Object(Config\Cache), false)
 9 FCPATH\index.php(67): CodeIgniter\CodeIgniter->run()
CRITICAL - 2022-09-19 20:10:17 --> Undefined array key 2
in APPPATH\Views\satta_panel.php on line 172.
 1 APPPATH\Views\satta_panel.php(172): CodeIgniter\Debug\Exceptions->errorHandler(2, 'Undefined array key 2', 'APPPATH\\Views\\satta_panel.php', 172)
 2 SYSTEMPATH\View\View.php(213): include('APPPATH\\Views\\satta_panel.php')
 3 SYSTEMPATH\View\View.php(216): CodeIgniter\View\View->CodeIgniter\View\{closure}()
 4 SYSTEMPATH\Common.php(1142): CodeIgniter\View\View->render('satta_panel', [], true)
 5 APPPATH\Controllers\Home.php(284): view('satta_panel', [...])
 6 SYSTEMPATH\CodeIgniter.php(907): App\Controllers\Home->sattaPanel('2')
 7 SYSTEMPATH\CodeIgniter.php(457): CodeIgniter\CodeIgniter->runController(Object(App\Controllers\Home))
 8 SYSTEMPATH\CodeIgniter.php(340): CodeIgniter\CodeIgniter->handleRequest(null, Object(Config\Cache), false)
 9 FCPATH\index.php(67): CodeIgniter\CodeIgniter->run()
CRITICAL - 2022-09-19 20:10:18 --> Undefined array key 2
in APPPATH\Views\satta_panel.php on line 172.
 1 APPPATH\Views\satta_panel.php(172): CodeIgniter\Debug\Exceptions->errorHandler(2, 'Undefined array key 2', 'APPPATH\\Views\\satta_panel.php', 172)
 2 SYSTEMPATH\View\View.php(213): include('APPPATH\\Views\\satta_panel.php')
 3 SYSTEMPATH\View\View.php(216): CodeIgniter\View\View->CodeIgniter\View\{closure}()
 4 SYSTEMPATH\Common.php(1142): CodeIgniter\View\View->render('satta_panel', [], true)
 5 APPPATH\Controllers\Home.php(284): view('satta_panel', [...])
 6 SYSTEMPATH\CodeIgniter.php(907): App\Controllers\Home->sattaPanel('2')
 7 SYSTEMPATH\CodeIgniter.php(457): CodeIgniter\CodeIgniter->runController(Object(App\Controllers\Home))
 8 SYSTEMPATH\CodeIgniter.php(340): CodeIgniter\CodeIgniter->handleRequest(null, Object(Config\Cache), false)
 9 FCPATH\index.php(67): CodeIgniter\CodeIgniter->run()
CRITICAL - 2022-09-19 20:10:18 --> Undefined array key 2
in APPPATH\Views\satta_panel.php on line 172.
 1 APPPATH\Views\satta_panel.php(172): CodeIgniter\Debug\Exceptions->errorHandler(2, 'Undefined array key 2', 'APPPATH\\Views\\satta_panel.php', 172)
 2 SYSTEMPATH\View\View.php(213): include('APPPATH\\Views\\satta_panel.php')
 3 SYSTEMPATH\View\View.php(216): CodeIgniter\View\View->CodeIgniter\View\{closure}()
 4 SYSTEMPATH\Common.php(1142): CodeIgniter\View\View->render('satta_panel', [], true)
 5 APPPATH\Controllers\Home.php(284): view('satta_panel', [...])
 6 SYSTEMPATH\CodeIgniter.php(907): App\Controllers\Home->sattaPanel('2')
 7 SYSTEMPATH\CodeIgniter.php(457): CodeIgniter\CodeIgniter->runController(Object(App\Controllers\Home))
 8 SYSTEMPATH\CodeIgniter.php(340): CodeIgniter\CodeIgniter->handleRequest(null, Object(Config\Cache), false)
 9 FCPATH\index.php(67): CodeIgniter\CodeIgniter->run()
CRITICAL - 2022-09-19 20:10:18 --> Undefined array key 2
in APPPATH\Views\satta_panel.php on line 172.
 1 APPPATH\Views\satta_panel.php(172): CodeIgniter\Debug\Exceptions->errorHandler(2, 'Undefined array key 2', 'APPPATH\\Views\\satta_panel.php', 172)
 2 SYSTEMPATH\View\View.php(213): include('APPPATH\\Views\\satta_panel.php')
 3 SYSTEMPATH\View\View.php(216): CodeIgniter\View\View->CodeIgniter\View\{closure}()
 4 SYSTEMPATH\Common.php(1142): CodeIgniter\View\View->render('satta_panel', [], true)
 5 APPPATH\Controllers\Home.php(284): view('satta_panel', [...])
 6 SYSTEMPATH\CodeIgniter.php(907): App\Controllers\Home->sattaPanel('2')
 7 SYSTEMPATH\CodeIgniter.php(457): CodeIgniter\CodeIgniter->runController(Object(App\Controllers\Home))
 8 SYSTEMPATH\CodeIgniter.php(340): CodeIgniter\CodeIgniter->handleRequest(null, Object(Config\Cache), false)
 9 FCPATH\index.php(67): CodeIgniter\CodeIgniter->run()
CRITICAL - 2022-09-19 20:10:36 --> Undefined array key 2
in APPPATH\Views\satta_panel.php on line 170.
 1 APPPATH\Views\satta_panel.php(170): CodeIgniter\Debug\Exceptions->errorHandler(2, 'Undefined array key 2', 'APPPATH\\Views\\satta_panel.php', 170)
 2 SYSTEMPATH\View\View.php(213): include('APPPATH\\Views\\satta_panel.php')
 3 SYSTEMPATH\View\View.php(216): CodeIgniter\View\View->CodeIgniter\View\{closure}()
 4 SYSTEMPATH\Common.php(1142): CodeIgniter\View\View->render('satta_panel', [], true)
 5 APPPATH\Controllers\Home.php(284): view('satta_panel', [...])
 6 SYSTEMPATH\CodeIgniter.php(907): App\Controllers\Home->sattaPanel('2')
 7 SYSTEMPATH\CodeIgniter.php(457): CodeIgniter\CodeIgniter->runController(Object(App\Controllers\Home))
 8 SYSTEMPATH\CodeIgniter.php(340): CodeIgniter\CodeIgniter->handleRequest(null, Object(Config\Cache), false)
 9 FCPATH\index.php(67): CodeIgniter\CodeIgniter->run()
CRITICAL - 2022-09-19 20:10:48 --> Undefined array key 2
in APPPATH\Views\satta_panel.php on line 170.
 1 APPPATH\Views\satta_panel.php(170): CodeIgniter\Debug\Exceptions->errorHandler(2, 'Undefined array key 2', 'APPPATH\\Views\\satta_panel.php', 170)
 2 SYSTEMPATH\View\View.php(213): include('APPPATH\\Views\\satta_panel.php')
 3 SYSTEMPATH\View\View.php(216): CodeIgniter\View\View->CodeIgniter\View\{closure}()
 4 SYSTEMPATH\Common.php(1142): CodeIgniter\View\View->render('satta_panel', [], true)
 5 APPPATH\Controllers\Home.php(284): view('satta_panel', [...])
 6 SYSTEMPATH\CodeIgniter.php(907): App\Controllers\Home->sattaPanel('2')
 7 SYSTEMPATH\CodeIgniter.php(457): CodeIgniter\CodeIgniter->runController(Object(App\Controllers\Home))
 8 SYSTEMPATH\CodeIgniter.php(340): CodeIgniter\CodeIgniter->handleRequest(null, Object(Config\Cache), false)
 9 FCPATH\index.php(67): CodeIgniter\CodeIgniter->run()
CRITICAL - 2022-09-19 20:11:19 --> Undefined array key 2
in APPPATH\Views\satta_panel.php on line 170.
 1 APPPATH\Views\satta_panel.php(170): CodeIgniter\Debug\Exceptions->errorHandler(2, 'Undefined array key 2', 'APPPATH\\Views\\satta_panel.php', 170)
 2 SYSTEMPATH\View\View.php(213): include('APPPATH\\Views\\satta_panel.php')
 3 SYSTEMPATH\View\View.php(216): CodeIgniter\View\View->CodeIgniter\View\{closure}()
 4 SYSTEMPATH\Common.php(1142): CodeIgniter\View\View->render('satta_panel', [], true)
 5 APPPATH\Controllers\Home.php(284): view('satta_panel', [...])
 6 SYSTEMPATH\CodeIgniter.php(907): App\Controllers\Home->sattaPanel('2')
 7 SYSTEMPATH\CodeIgniter.php(457): CodeIgniter\CodeIgniter->runController(Object(App\Controllers\Home))
 8 SYSTEMPATH\CodeIgniter.php(340): CodeIgniter\CodeIgniter->handleRequest(null, Object(Config\Cache), false)
 9 FCPATH\index.php(67): CodeIgniter\CodeIgniter->run()
CRITICAL - 2022-09-19 20:13:13 --> Undefined array key 2
in APPPATH\Views\satta_panel.php on line 170.
 1 APPPATH\Views\satta_panel.php(170): CodeIgniter\Debug\Exceptions->errorHandler(2, 'Undefined array key 2', 'APPPATH\\Views\\satta_panel.php', 170)
 2 SYSTEMPATH\View\View.php(213): include('APPPATH\\Views\\satta_panel.php')
 3 SYSTEMPATH\View\View.php(216): CodeIgniter\View\View->CodeIgniter\View\{closure}()
 4 SYSTEMPATH\Common.php(1142): CodeIgniter\View\View->render('satta_panel', [], true)
 5 APPPATH\Controllers\Home.php(284): view('satta_panel', [...])
 6 SYSTEMPATH\CodeIgniter.php(907): App\Controllers\Home->sattaPanel('2')
 7 SYSTEMPATH\CodeIgniter.php(457): CodeIgniter\CodeIgniter->runController(Object(App\Controllers\Home))
 8 SYSTEMPATH\CodeIgniter.php(340): CodeIgniter\CodeIgniter->handleRequest(null, Object(Config\Cache), false)
 9 FCPATH\index.php(67): CodeIgniter\CodeIgniter->run()
CRITICAL - 2022-09-19 20:14:21 --> Undefined array key 2
in APPPATH\Views\satta_panel.php on line 170.
 1 APPPATH\Views\satta_panel.php(170): CodeIgniter\Debug\Exceptions->errorHandler(2, 'Undefined array key 2', 'APPPATH\\Views\\satta_panel.php', 170)
 2 SYSTEMPATH\View\View.php(213): include('APPPATH\\Views\\satta_panel.php')
 3 SYSTEMPATH\View\View.php(216): CodeIgniter\View\View->CodeIgniter\View\{closure}()
 4 SYSTEMPATH\Common.php(1142): CodeIgniter\View\View->render('satta_panel', [], true)
 5 APPPATH\Controllers\Home.php(284): view('satta_panel', [...])
 6 SYSTEMPATH\CodeIgniter.php(907): App\Controllers\Home->sattaPanel('2')
 7 SYSTEMPATH\CodeIgniter.php(457): CodeIgniter\CodeIgniter->runController(Object(App\Controllers\Home))
 8 SYSTEMPATH\CodeIgniter.php(340): CodeIgniter\CodeIgniter->handleRequest(null, Object(Config\Cache), false)
 9 FCPATH\index.php(67): CodeIgniter\CodeIgniter->run()
CRITICAL - 2022-09-19 20:14:30 --> Array to string conversion
in APPPATH\Views\satta_panel.php on line 170.
 1 APPPATH\Views\satta_panel.php(170): CodeIgniter\Debug\Exceptions->errorHandler(2, 'Array to string conversion', 'APPPATH\\Views\\satta_panel.php', 170)
 2 SYSTEMPATH\View\View.php(213): include('APPPATH\\Views\\satta_panel.php')
 3 SYSTEMPATH\View\View.php(216): CodeIgniter\View\View->CodeIgniter\View\{closure}()
 4 SYSTEMPATH\Common.php(1142): CodeIgniter\View\View->render('satta_panel', [], true)
 5 APPPATH\Controllers\Home.php(284): view('satta_panel', [...])
 6 SYSTEMPATH\CodeIgniter.php(907): App\Controllers\Home->sattaPanel('2')
 7 SYSTEMPATH\CodeIgniter.php(457): CodeIgniter\CodeIgniter->runController(Object(App\Controllers\Home))
 8 SYSTEMPATH\CodeIgniter.php(340): CodeIgniter\CodeIgniter->handleRequest(null, Object(Config\Cache), false)
 9 FCPATH\index.php(67): CodeIgniter\CodeIgniter->run()
CRITICAL - 2022-09-19 20:14:40 --> Undefined array key 2
in APPPATH\Views\satta_panel.php on line 170.
 1 APPPATH\Views\satta_panel.php(170): CodeIgniter\Debug\Exceptions->errorHandler(2, 'Undefined array key 2', 'APPPATH\\Views\\satta_panel.php', 170)
 2 SYSTEMPATH\View\View.php(213): include('APPPATH\\Views\\satta_panel.php')
 3 SYSTEMPATH\View\View.php(216): CodeIgniter\View\View->CodeIgniter\View\{closure}()
 4 SYSTEMPATH\Common.php(1142): CodeIgniter\View\View->render('satta_panel', [], true)
 5 APPPATH\Controllers\Home.php(284): view('satta_panel', [...])
 6 SYSTEMPATH\CodeIgniter.php(907): App\Controllers\Home->sattaPanel('2')
 7 SYSTEMPATH\CodeIgniter.php(457): CodeIgniter\CodeIgniter->runController(Object(App\Controllers\Home))
 8 SYSTEMPATH\CodeIgniter.php(340): CodeIgniter\CodeIgniter->handleRequest(null, Object(Config\Cache), false)
 9 FCPATH\index.php(67): CodeIgniter\CodeIgniter->run()
CRITICAL - 2022-09-19 20:15:07 --> Undefined array key 2
in APPPATH\Views\satta_panel.php on line 171.
 1 APPPATH\Views\satta_panel.php(171): CodeIgniter\Debug\Exceptions->errorHandler(2, 'Undefined array key 2', 'APPPATH\\Views\\satta_panel.php', 171)
 2 SYSTEMPATH\View\View.php(213): include('APPPATH\\Views\\satta_panel.php')
 3 SYSTEMPATH\View\View.php(216): CodeIgniter\View\View->CodeIgniter\View\{closure}()
 4 SYSTEMPATH\Common.php(1142): CodeIgniter\View\View->render('satta_panel', [], true)
 5 APPPATH\Controllers\Home.php(284): view('satta_panel', [...])
 6 SYSTEMPATH\CodeIgniter.php(907): App\Controllers\Home->sattaPanel('2')
 7 SYSTEMPATH\CodeIgniter.php(457): CodeIgniter\CodeIgniter->runController(Object(App\Controllers\Home))
 8 SYSTEMPATH\CodeIgniter.php(340): CodeIgniter\CodeIgniter->handleRequest(null, Object(Config\Cache), false)
 9 FCPATH\index.php(67): CodeIgniter\CodeIgniter->run()
CRITICAL - 2022-09-19 20:21:25 --> Undefined array key 2
in APPPATH\Views\satta_panel.php on line 176.
 1 APPPATH\Views\satta_panel.php(176): CodeIgniter\Debug\Exceptions->errorHandler(2, 'Undefined array key 2', 'APPPATH\\Views\\satta_panel.php', 176)
 2 SYSTEMPATH\View\View.php(213): include('APPPATH\\Views\\satta_panel.php')
 3 SYSTEMPATH\View\View.php(216): CodeIgniter\View\View->CodeIgniter\View\{closure}()
 4 SYSTEMPATH\Common.php(1142): CodeIgniter\View\View->render('satta_panel', [], true)
 5 APPPATH\Controllers\Home.php(284): view('satta_panel', [...])
 6 SYSTEMPATH\CodeIgniter.php(907): App\Controllers\Home->sattaPanel('2')
 7 SYSTEMPATH\CodeIgniter.php(457): CodeIgniter\CodeIgniter->runController(Object(App\Controllers\Home))
 8 SYSTEMPATH\CodeIgniter.php(340): CodeIgniter\CodeIgniter->handleRequest(null, Object(Config\Cache), false)
 9 FCPATH\index.php(67): CodeIgniter\CodeIgniter->run()
CRITICAL - 2022-09-19 20:23:57 --> Undefined array key 2
in APPPATH\Views\satta_panel.php on line 176.
 1 APPPATH\Views\satta_panel.php(176): CodeIgniter\Debug\Exceptions->errorHandler(2, 'Undefined array key 2', 'APPPATH\\Views\\satta_panel.php', 176)
 2 SYSTEMPATH\View\View.php(213): include('APPPATH\\Views\\satta_panel.php')
 3 SYSTEMPATH\View\View.php(216): CodeIgniter\View\View->CodeIgniter\View\{closure}()
 4 SYSTEMPATH\Common.php(1142): CodeIgniter\View\View->render('satta_panel', [], true)
 5 APPPATH\Controllers\Home.php(284): view('satta_panel', [...])
 6 SYSTEMPATH\CodeIgniter.php(907): App\Controllers\Home->sattaPanel('2')
 7 SYSTEMPATH\CodeIgniter.php(457): CodeIgniter\CodeIgniter->runController(Object(App\Controllers\Home))
 8 SYSTEMPATH\CodeIgniter.php(340): CodeIgniter\CodeIgniter->handleRequest(null, Object(Config\Cache), false)
 9 FCPATH\index.php(67): CodeIgniter\CodeIgniter->run()
CRITICAL - 2022-09-19 20:23:58 --> Undefined array key 2
in APPPATH\Views\satta_panel.php on line 176.
 1 APPPATH\Views\satta_panel.php(176): CodeIgniter\Debug\Exceptions->errorHandler(2, 'Undefined array key 2', 'APPPATH\\Views\\satta_panel.php', 176)
 2 SYSTEMPATH\View\View.php(213): include('APPPATH\\Views\\satta_panel.php')
 3 SYSTEMPATH\View\View.php(216): CodeIgniter\View\View->CodeIgniter\View\{closure}()
 4 SYSTEMPATH\Common.php(1142): CodeIgniter\View\View->render('satta_panel', [], true)
 5 APPPATH\Controllers\Home.php(284): view('satta_panel', [...])
 6 SYSTEMPATH\CodeIgniter.php(907): App\Controllers\Home->sattaPanel('2')
 7 SYSTEMPATH\CodeIgniter.php(457): CodeIgniter\CodeIgniter->runController(Object(App\Controllers\Home))
 8 SYSTEMPATH\CodeIgniter.php(340): CodeIgniter\CodeIgniter->handleRequest(null, Object(Config\Cache), false)
 9 FCPATH\index.php(67): CodeIgniter\CodeIgniter->run()
